

Started GET "/" for 127.0.0.1 at 2015-12-26 14:34:41 -0500
Processing by StaticPagesController#root as HTML
  Rendered static_pages/root.html.erb within layouts/application (2.2ms)
Completed 200 OK in 2095ms (Views: 2063.8ms | ActiveRecord: 0.0ms)


Started GET "/assets/static_pages.self-e3b0c44298fc1c149afbf4c8996fb92427ae41e4649b934ca495991b7852b855.css?body=1" for 127.0.0.1 at 2015-12-26 14:34:43 -0500


Started GET "/assets/jquery_ujs.self-d456baa54c1fa6be2ec3711f0a72ddf7a5b2f34a6b4f515f33767d6207b7d4b3.js?body=1" for 127.0.0.1 at 2015-12-26 14:34:43 -0500


Started GET "/assets/jquery.self-a714331225dda820228db323939889f149aec0127aeb06255646b616ba1ca419.js?body=1" for 127.0.0.1 at 2015-12-26 14:34:43 -0500


Started GET "/assets/application.self-e80e8f2318043e8af94dddc2adad5a4f09739a8ebb323b3ab31cd71d45fd9113.css?body=1" for 127.0.0.1 at 2015-12-26 14:34:43 -0500


Started GET "/assets/turbolinks.self-c37727e9bd6b2735da5c311aa83fead54ed0be6cc8bd9a65309e9c5abe2cbfff.js?body=1" for 127.0.0.1 at 2015-12-26 14:34:43 -0500


Started GET "/assets/application.self-3b8dabdc891efe46b9a144b400ad69e37d7e5876bdc39dee783419a69d7ca819.js?body=1" for 127.0.0.1 at 2015-12-26 14:34:43 -0500


Started GET "/assets/static_pages.self-877aef30ae1b040ab8a3aba4e3e309a11d7f2612f44dde450b5c157aa5f95c05.js?body=1" for 127.0.0.1 at 2015-12-26 14:34:43 -0500


Started GET "/" for 127.0.0.1 at 2015-12-26 14:42:56 -0500
Processing by StaticPagesController#root as HTML
  Rendered static_pages/root.html.erb within layouts/application (0.1ms)
Completed 200 OK in 2665ms (Views: 2663.8ms | ActiveRecord: 0.0ms)


Started GET "/assets/static_pages.self-e3b0c44298fc1c149afbf4c8996fb92427ae41e4649b934ca495991b7852b855.css?body=1" for 127.0.0.1 at 2015-12-26 14:42:58 -0500


Started GET "/assets/application.self-e80e8f2318043e8af94dddc2adad5a4f09739a8ebb323b3ab31cd71d45fd9113.css?body=1" for 127.0.0.1 at 2015-12-26 14:42:58 -0500


Started GET "/assets/jquery.self-a714331225dda820228db323939889f149aec0127aeb06255646b616ba1ca419.js?body=1" for 127.0.0.1 at 2015-12-26 14:42:58 -0500


Started GET "/assets/actions/api_util.self-5cd07627ac3d5bd1f3ff7ee38ef7ef39767e4254c0606a2c07a0e163aee341df.js?body=1" for 127.0.0.1 at 2015-12-26 14:42:58 -0500


Started GET "/assets/turbolinks.self-c37727e9bd6b2735da5c311aa83fead54ed0be6cc8bd9a65309e9c5abe2cbfff.js?body=1" for 127.0.0.1 at 2015-12-26 14:42:58 -0500


Started GET "/assets/articleapp.self-75b77eae6451e866b62b83a30ccfe4899a89f4c6ce47aa7273c849b617cd5715.js?body=1" for 127.0.0.1 at 2015-12-26 14:42:58 -0500


Started GET "/assets/jquery_ujs.self-d456baa54c1fa6be2ec3711f0a72ddf7a5b2f34a6b4f515f33767d6207b7d4b3.js?body=1" for 127.0.0.1 at 2015-12-26 14:42:58 -0500


Started GET "/assets/dispatcher/dispatcher.self-df4b2118c83e53bfcd046d9391e85547aa2f41e5a424adaa5c8d907b9675777f.js?body=1" for 127.0.0.1 at 2015-12-26 14:42:58 -0500


Started GET "/assets/components/articles.self-6767ad88ed8cccc7f5e27985d20f185f3db00e954ebd00cda605987d2488bd07.js?body=1" for 127.0.0.1 at 2015-12-26 14:42:58 -0500


Started GET "/assets/application.self-3b8dabdc891efe46b9a144b400ad69e37d7e5876bdc39dee783419a69d7ca819.js?body=1" for 127.0.0.1 at 2015-12-26 14:42:58 -0500


Started GET "/assets/static_pages.self-877aef30ae1b040ab8a3aba4e3e309a11d7f2612f44dde450b5c157aa5f95c05.js?body=1" for 127.0.0.1 at 2015-12-26 14:42:58 -0500


Started GET "/" for 127.0.0.1 at 2015-12-26 14:43:21 -0500
Processing by StaticPagesController#root as HTML
  Rendered static_pages/root.html.erb within layouts/application (0.1ms)
Completed 200 OK in 988ms (Views: 986.7ms | ActiveRecord: 0.0ms)


Started GET "/assets/static_pages.self-e3b0c44298fc1c149afbf4c8996fb92427ae41e4649b934ca495991b7852b855.css?body=1" for 127.0.0.1 at 2015-12-26 14:43:22 -0500


Started GET "/assets/application.self-e80e8f2318043e8af94dddc2adad5a4f09739a8ebb323b3ab31cd71d45fd9113.css?body=1" for 127.0.0.1 at 2015-12-26 14:43:22 -0500


Started GET "/assets/jquery.self-a714331225dda820228db323939889f149aec0127aeb06255646b616ba1ca419.js?body=1" for 127.0.0.1 at 2015-12-26 14:43:22 -0500


Started GET "/assets/jquery_ujs.self-d456baa54c1fa6be2ec3711f0a72ddf7a5b2f34a6b4f515f33767d6207b7d4b3.js?body=1" for 127.0.0.1 at 2015-12-26 14:43:22 -0500


Started GET "/assets/turbolinks.self-c37727e9bd6b2735da5c311aa83fead54ed0be6cc8bd9a65309e9c5abe2cbfff.js?body=1" for 127.0.0.1 at 2015-12-26 14:43:22 -0500


Started GET "/assets/actions/api_util.self-5cd07627ac3d5bd1f3ff7ee38ef7ef39767e4254c0606a2c07a0e163aee341df.js?body=1" for 127.0.0.1 at 2015-12-26 14:43:22 -0500


Started GET "/assets/articleapp.self-55fd94261daa72b56bdfe326783b8bf1bfcd1e819030dc57f67c4a15070a6383.js?body=1" for 127.0.0.1 at 2015-12-26 14:43:22 -0500


Started GET "/assets/components/articles.self-6767ad88ed8cccc7f5e27985d20f185f3db00e954ebd00cda605987d2488bd07.js?body=1" for 127.0.0.1 at 2015-12-26 14:43:22 -0500


Started GET "/assets/static_pages.self-877aef30ae1b040ab8a3aba4e3e309a11d7f2612f44dde450b5c157aa5f95c05.js?body=1" for 127.0.0.1 at 2015-12-26 14:43:22 -0500


Started GET "/assets/dispatcher/dispatcher.self-df4b2118c83e53bfcd046d9391e85547aa2f41e5a424adaa5c8d907b9675777f.js?body=1" for 127.0.0.1 at 2015-12-26 14:43:22 -0500


Started GET "/assets/application.self-3b8dabdc891efe46b9a144b400ad69e37d7e5876bdc39dee783419a69d7ca819.js?body=1" for 127.0.0.1 at 2015-12-26 14:43:22 -0500


Started GET "/" for 127.0.0.1 at 2015-12-26 14:48:44 -0500
Processing by StaticPagesController#root as HTML
  Rendered static_pages/root.html.erb within layouts/application (1.9ms)
Completed 200 OK in 1225ms (Views: 1210.2ms | ActiveRecord: 0.0ms)


Started GET "/assets/development/react.self-93bc62cb6c7b74ee7e5a2fcf623f3abbd365440bf90eba740c625f159078aa82.js?body=1" for 127.0.0.1 at 2015-12-26 14:48:45 -0500


Started GET "/assets/components.self-e3b0c44298fc1c149afbf4c8996fb92427ae41e4649b934ca495991b7852b855.js?body=1" for 127.0.0.1 at 2015-12-26 14:48:45 -0500


Started GET "/assets/static_pages.self-e3b0c44298fc1c149afbf4c8996fb92427ae41e4649b934ca495991b7852b855.css?body=1" for 127.0.0.1 at 2015-12-26 14:48:45 -0500


Started GET "/assets/application.self-44dc72337fbefc4f8c73fc8781b922cf9e4f99f8d068e6563c3820851d9390f6.js?body=1" for 127.0.0.1 at 2015-12-26 14:48:45 -0500


Started GET "/assets/application.self-e80e8f2318043e8af94dddc2adad5a4f09739a8ebb323b3ab31cd71d45fd9113.css?body=1" for 127.0.0.1 at 2015-12-26 14:48:45 -0500


Started GET "/assets/react_ujs.self-c42e5ee44bcda6910afca6fb40f99d9963074b3aefe72365ce90c24312e73b2b.js?body=1" for 127.0.0.1 at 2015-12-26 14:48:45 -0500


Started GET "/assets/jquery.self-a714331225dda820228db323939889f149aec0127aeb06255646b616ba1ca419.js?body=1" for 127.0.0.1 at 2015-12-26 14:48:45 -0500


Started GET "/assets/jquery_ujs.self-d456baa54c1fa6be2ec3711f0a72ddf7a5b2f34a6b4f515f33767d6207b7d4b3.js?body=1" for 127.0.0.1 at 2015-12-26 14:48:45 -0500


Started GET "/assets/turbolinks.self-c37727e9bd6b2735da5c311aa83fead54ed0be6cc8bd9a65309e9c5abe2cbfff.js?body=1" for 127.0.0.1 at 2015-12-26 14:48:45 -0500


Started GET "/assets/components/articles.self-6767ad88ed8cccc7f5e27985d20f185f3db00e954ebd00cda605987d2488bd07.js?body=1" for 127.0.0.1 at 2015-12-26 14:48:45 -0500


Started GET "/assets/dispatcher/dispatcher.self-df4b2118c83e53bfcd046d9391e85547aa2f41e5a424adaa5c8d907b9675777f.js?body=1" for 127.0.0.1 at 2015-12-26 14:48:45 -0500


Started GET "/assets/articleapp.self-55fd94261daa72b56bdfe326783b8bf1bfcd1e819030dc57f67c4a15070a6383.js?body=1" for 127.0.0.1 at 2015-12-26 14:48:45 -0500


Started GET "/assets/actions/api_util.self-5cd07627ac3d5bd1f3ff7ee38ef7ef39767e4254c0606a2c07a0e163aee341df.js?body=1" for 127.0.0.1 at 2015-12-26 14:48:45 -0500


Started GET "/assets/static_pages.self-877aef30ae1b040ab8a3aba4e3e309a11d7f2612f44dde450b5c157aa5f95c05.js?body=1" for 127.0.0.1 at 2015-12-26 14:48:45 -0500


Started GET "/" for 127.0.0.1 at 2015-12-26 14:49:29 -0500
Processing by StaticPagesController#root as HTML
  Rendered static_pages/root.html.erb within layouts/application (0.1ms)
Completed 200 OK in 1877ms (Views: 1875.5ms | ActiveRecord: 0.0ms)


Started GET "/assets/static_pages.self-e3b0c44298fc1c149afbf4c8996fb92427ae41e4649b934ca495991b7852b855.css?body=1" for 127.0.0.1 at 2015-12-26 14:49:31 -0500


Started GET "/assets/application.self-e80e8f2318043e8af94dddc2adad5a4f09739a8ebb323b3ab31cd71d45fd9113.css?body=1" for 127.0.0.1 at 2015-12-26 14:49:31 -0500


Started GET "/assets/jquery.self-a714331225dda820228db323939889f149aec0127aeb06255646b616ba1ca419.js?body=1" for 127.0.0.1 at 2015-12-26 14:49:31 -0500


Started GET "/assets/jquery_ujs.self-d456baa54c1fa6be2ec3711f0a72ddf7a5b2f34a6b4f515f33767d6207b7d4b3.js?body=1" for 127.0.0.1 at 2015-12-26 14:49:31 -0500


Started GET "/assets/components/header.self-832810ba5932ea8c1977fdf202d0c9d15c04c4687e5d415047f9812b9ee1c12d.js?body=1" for 127.0.0.1 at 2015-12-26 14:49:32 -0500


Started GET "/assets/turbolinks.self-c37727e9bd6b2735da5c311aa83fead54ed0be6cc8bd9a65309e9c5abe2cbfff.js?body=1" for 127.0.0.1 at 2015-12-26 14:49:32 -0500


Started GET "/assets/react_ujs.self-c42e5ee44bcda6910afca6fb40f99d9963074b3aefe72365ce90c24312e73b2b.js?body=1" for 127.0.0.1 at 2015-12-26 14:49:32 -0500


Started GET "/assets/components/articles.self-6767ad88ed8cccc7f5e27985d20f185f3db00e954ebd00cda605987d2488bd07.js?body=1" for 127.0.0.1 at 2015-12-26 14:49:32 -0500


Started GET "/assets/development/react.self-93bc62cb6c7b74ee7e5a2fcf623f3abbd365440bf90eba740c625f159078aa82.js?body=1" for 127.0.0.1 at 2015-12-26 14:49:32 -0500


Started GET "/assets/actions/api_util.self-5cd07627ac3d5bd1f3ff7ee38ef7ef39767e4254c0606a2c07a0e163aee341df.js?body=1" for 127.0.0.1 at 2015-12-26 14:49:32 -0500


Started GET "/assets/articleapp.self-55fd94261daa72b56bdfe326783b8bf1bfcd1e819030dc57f67c4a15070a6383.js?body=1" for 127.0.0.1 at 2015-12-26 14:49:32 -0500


Started GET "/assets/components.self-e3b0c44298fc1c149afbf4c8996fb92427ae41e4649b934ca495991b7852b855.js?body=1" for 127.0.0.1 at 2015-12-26 14:49:32 -0500


Started GET "/assets/dispatcher/dispatcher.self-df4b2118c83e53bfcd046d9391e85547aa2f41e5a424adaa5c8d907b9675777f.js?body=1" for 127.0.0.1 at 2015-12-26 14:49:32 -0500


Started GET "/assets/static_pages.self-877aef30ae1b040ab8a3aba4e3e309a11d7f2612f44dde450b5c157aa5f95c05.js?body=1" for 127.0.0.1 at 2015-12-26 14:49:32 -0500


Started GET "/assets/application.self-44dc72337fbefc4f8c73fc8781b922cf9e4f99f8d068e6563c3820851d9390f6.js?body=1" for 127.0.0.1 at 2015-12-26 14:49:32 -0500


Started GET "/data/articles.json" for 127.0.0.1 at 2015-12-26 14:49:32 -0500

ActionController::RoutingError (No route matches [GET] "/data/articles.json"):
  actionpack (4.2.4) lib/action_dispatch/middleware/debug_exceptions.rb:21:in `call'
  web-console (2.2.1) lib/web_console/middleware.rb:39:in `call'
  actionpack (4.2.4) lib/action_dispatch/middleware/show_exceptions.rb:30:in `call'
  railties (4.2.4) lib/rails/rack/logger.rb:38:in `call_app'
  railties (4.2.4) lib/rails/rack/logger.rb:20:in `block in call'
  activesupport (4.2.4) lib/active_support/tagged_logging.rb:68:in `block in tagged'
  activesupport (4.2.4) lib/active_support/tagged_logging.rb:26:in `tagged'
  activesupport (4.2.4) lib/active_support/tagged_logging.rb:68:in `tagged'
  railties (4.2.4) lib/rails/rack/logger.rb:20:in `call'
  actionpack (4.2.4) lib/action_dispatch/middleware/request_id.rb:21:in `call'
  rack (1.6.4) lib/rack/methodoverride.rb:22:in `call'
  rack (1.6.4) lib/rack/runtime.rb:18:in `call'
  activesupport (4.2.4) lib/active_support/cache/strategy/local_cache_middleware.rb:28:in `call'
  rack (1.6.4) lib/rack/lock.rb:17:in `call'
  actionpack (4.2.4) lib/action_dispatch/middleware/static.rb:116:in `call'
  rack (1.6.4) lib/rack/sendfile.rb:113:in `call'
  railties (4.2.4) lib/rails/engine.rb:518:in `call'
  railties (4.2.4) lib/rails/application.rb:165:in `call'
  rack (1.6.4) lib/rack/lock.rb:17:in `call'
  rack (1.6.4) lib/rack/content_length.rb:15:in `call'
  rack (1.6.4) lib/rack/handler/webrick.rb:88:in `service'
  /home/scott/.rbenv/versions/2.2.3/lib/ruby/2.2.0/webrick/httpserver.rb:138:in `service'
  /home/scott/.rbenv/versions/2.2.3/lib/ruby/2.2.0/webrick/httpserver.rb:94:in `run'
  /home/scott/.rbenv/versions/2.2.3/lib/ruby/2.2.0/webrick/server.rb:294:in `block in start_thread'


  Rendered /home/scott/.rbenv/versions/2.2.3/lib/ruby/gems/2.2.0/gems/actionpack-4.2.4/lib/action_dispatch/middleware/templates/rescues/_trace.html.erb (7.1ms)
  Rendered /home/scott/.rbenv/versions/2.2.3/lib/ruby/gems/2.2.0/gems/actionpack-4.2.4/lib/action_dispatch/middleware/templates/routes/_route.html.erb (2.1ms)
  Rendered /home/scott/.rbenv/versions/2.2.3/lib/ruby/gems/2.2.0/gems/actionpack-4.2.4/lib/action_dispatch/middleware/templates/routes/_table.html.erb (56.1ms)
  Rendered /home/scott/.rbenv/versions/2.2.3/lib/ruby/gems/2.2.0/gems/actionpack-4.2.4/lib/action_dispatch/middleware/templates/rescues/_request_and_response.html.erb (4.2ms)
  Rendered /home/scott/.rbenv/versions/2.2.3/lib/ruby/gems/2.2.0/gems/actionpack-4.2.4/lib/action_dispatch/middleware/templates/rescues/routing_error.html.erb within rescues/layout (173.2ms)
  Rendered /home/scott/.rbenv/versions/2.2.3/lib/ruby/gems/2.2.0/gems/web-console-2.2.1/lib/web_console/templates/_markup.html.erb (0.6ms)
  Rendered /home/scott/.rbenv/versions/2.2.3/lib/ruby/gems/2.2.0/gems/web-console-2.2.1/lib/web_console/templates/_inner_console_markup.html.erb within layouts/inlined_string (1.0ms)
  Rendered /home/scott/.rbenv/versions/2.2.3/lib/ruby/gems/2.2.0/gems/web-console-2.2.1/lib/web_console/templates/_prompt_box_markup.html.erb within layouts/inlined_string (0.9ms)
  Rendered /home/scott/.rbenv/versions/2.2.3/lib/ruby/gems/2.2.0/gems/web-console-2.2.1/lib/web_console/templates/style.css.erb within layouts/inlined_string (0.6ms)
  Rendered /home/scott/.rbenv/versions/2.2.3/lib/ruby/gems/2.2.0/gems/web-console-2.2.1/lib/web_console/templates/console.js.erb within layouts/javascript (31.6ms)
  Rendered /home/scott/.rbenv/versions/2.2.3/lib/ruby/gems/2.2.0/gems/web-console-2.2.1/lib/web_console/templates/main.js.erb within layouts/javascript (0.5ms)
  Rendered /home/scott/.rbenv/versions/2.2.3/lib/ruby/gems/2.2.0/gems/web-console-2.2.1/lib/web_console/templates/error_page.js.erb within layouts/javascript (1.0ms)
  Rendered /home/scott/.rbenv/versions/2.2.3/lib/ruby/gems/2.2.0/gems/web-console-2.2.1/lib/web_console/templates/index.html.erb (63.8ms)


Started GET "/data/articles.json" for 127.0.0.1 at 2015-12-26 14:49:32 -0500

ActionController::RoutingError (No route matches [GET] "/data/articles.json"):
  actionpack (4.2.4) lib/action_dispatch/middleware/debug_exceptions.rb:21:in `call'
  web-console (2.2.1) lib/web_console/middleware.rb:39:in `call'
  actionpack (4.2.4) lib/action_dispatch/middleware/show_exceptions.rb:30:in `call'
  railties (4.2.4) lib/rails/rack/logger.rb:38:in `call_app'
  railties (4.2.4) lib/rails/rack/logger.rb:20:in `block in call'
  activesupport (4.2.4) lib/active_support/tagged_logging.rb:68:in `block in tagged'
  activesupport (4.2.4) lib/active_support/tagged_logging.rb:26:in `tagged'
  activesupport (4.2.4) lib/active_support/tagged_logging.rb:68:in `tagged'
  railties (4.2.4) lib/rails/rack/logger.rb:20:in `call'
  actionpack (4.2.4) lib/action_dispatch/middleware/request_id.rb:21:in `call'
  rack (1.6.4) lib/rack/methodoverride.rb:22:in `call'
  rack (1.6.4) lib/rack/runtime.rb:18:in `call'
  activesupport (4.2.4) lib/active_support/cache/strategy/local_cache_middleware.rb:28:in `call'
  rack (1.6.4) lib/rack/lock.rb:17:in `call'
  actionpack (4.2.4) lib/action_dispatch/middleware/static.rb:116:in `call'
  rack (1.6.4) lib/rack/sendfile.rb:113:in `call'
  railties (4.2.4) lib/rails/engine.rb:518:in `call'
  railties (4.2.4) lib/rails/application.rb:165:in `call'
  rack (1.6.4) lib/rack/lock.rb:17:in `call'
  rack (1.6.4) lib/rack/content_length.rb:15:in `call'
  rack (1.6.4) lib/rack/handler/webrick.rb:88:in `service'
  /home/scott/.rbenv/versions/2.2.3/lib/ruby/2.2.0/webrick/httpserver.rb:138:in `service'
  /home/scott/.rbenv/versions/2.2.3/lib/ruby/2.2.0/webrick/httpserver.rb:94:in `run'
  /home/scott/.rbenv/versions/2.2.3/lib/ruby/2.2.0/webrick/server.rb:294:in `block in start_thread'


  Rendered /home/scott/.rbenv/versions/2.2.3/lib/ruby/gems/2.2.0/gems/actionpack-4.2.4/lib/action_dispatch/middleware/templates/rescues/_trace.html.erb (4.8ms)
  Rendered /home/scott/.rbenv/versions/2.2.3/lib/ruby/gems/2.2.0/gems/actionpack-4.2.4/lib/action_dispatch/middleware/templates/routes/_route.html.erb (2.6ms)
  Rendered /home/scott/.rbenv/versions/2.2.3/lib/ruby/gems/2.2.0/gems/actionpack-4.2.4/lib/action_dispatch/middleware/templates/routes/_table.html.erb (2.9ms)
  Rendered /home/scott/.rbenv/versions/2.2.3/lib/ruby/gems/2.2.0/gems/actionpack-4.2.4/lib/action_dispatch/middleware/templates/rescues/_request_and_response.html.erb (2.3ms)
  Rendered /home/scott/.rbenv/versions/2.2.3/lib/ruby/gems/2.2.0/gems/actionpack-4.2.4/lib/action_dispatch/middleware/templates/rescues/routing_error.html.erb within rescues/layout (47.8ms)
  Rendered /home/scott/.rbenv/versions/2.2.3/lib/ruby/gems/2.2.0/gems/web-console-2.2.1/lib/web_console/templates/_markup.html.erb (0.6ms)
  Rendered /home/scott/.rbenv/versions/2.2.3/lib/ruby/gems/2.2.0/gems/web-console-2.2.1/lib/web_console/templates/_inner_console_markup.html.erb within layouts/inlined_string (0.5ms)
  Rendered /home/scott/.rbenv/versions/2.2.3/lib/ruby/gems/2.2.0/gems/web-console-2.2.1/lib/web_console/templates/_prompt_box_markup.html.erb within layouts/inlined_string (0.5ms)
  Rendered /home/scott/.rbenv/versions/2.2.3/lib/ruby/gems/2.2.0/gems/web-console-2.2.1/lib/web_console/templates/style.css.erb within layouts/inlined_string (1.6ms)
  Rendered /home/scott/.rbenv/versions/2.2.3/lib/ruby/gems/2.2.0/gems/web-console-2.2.1/lib/web_console/templates/console.js.erb within layouts/javascript (32.6ms)
  Rendered /home/scott/.rbenv/versions/2.2.3/lib/ruby/gems/2.2.0/gems/web-console-2.2.1/lib/web_console/templates/main.js.erb within layouts/javascript (0.5ms)
  Rendered /home/scott/.rbenv/versions/2.2.3/lib/ruby/gems/2.2.0/gems/web-console-2.2.1/lib/web_console/templates/error_page.js.erb within layouts/javascript (1.1ms)
  Rendered /home/scott/.rbenv/versions/2.2.3/lib/ruby/gems/2.2.0/gems/web-console-2.2.1/lib/web_console/templates/index.html.erb (62.5ms)


Started GET "/" for 127.0.0.1 at 2015-12-26 14:51:08 -0500
Processing by StaticPagesController#root as HTML
  Rendered static_pages/root.html.erb within layouts/application (0.1ms)
Completed 200 OK in 1281ms (Views: 1279.5ms | ActiveRecord: 0.0ms)


Started GET "/assets/articles.self-718213082b15cd6db24552eb7bdeb4570c093b93646b1ac959d00fcec446a2c8.css?body=1" for 127.0.0.1 at 2015-12-26 14:51:09 -0500


Started GET "/assets/static_pages.self-e3b0c44298fc1c149afbf4c8996fb92427ae41e4649b934ca495991b7852b855.css?body=1" for 127.0.0.1 at 2015-12-26 14:51:09 -0500


Started GET "/assets/jquery.self-a714331225dda820228db323939889f149aec0127aeb06255646b616ba1ca419.js?body=1" for 127.0.0.1 at 2015-12-26 14:51:09 -0500


Started GET "/assets/application.self-e80e8f2318043e8af94dddc2adad5a4f09739a8ebb323b3ab31cd71d45fd9113.css?body=1" for 127.0.0.1 at 2015-12-26 14:51:09 -0500


Started GET "/assets/components/article_line.self-6d1778e11f25cc45875298548bae80cf0d39b550aaf25401b87b7325474dcec5.js?body=1" for 127.0.0.1 at 2015-12-26 14:51:09 -0500


Started GET "/assets/turbolinks.self-c37727e9bd6b2735da5c311aa83fead54ed0be6cc8bd9a65309e9c5abe2cbfff.js?body=1" for 127.0.0.1 at 2015-12-26 14:51:09 -0500


Started GET "/assets/actions/api_actions.self-f25b74135cfa5b2cf04d471aaf83b1dd5c08ede95281929046214c062faa769d.js?body=1" for 127.0.0.1 at 2015-12-26 14:51:09 -0500


Started GET "/assets/jquery_ujs.self-d456baa54c1fa6be2ec3711f0a72ddf7a5b2f34a6b4f515f33767d6207b7d4b3.js?body=1" for 127.0.0.1 at 2015-12-26 14:51:09 -0500


Started GET "/assets/react_ujs.self-c42e5ee44bcda6910afca6fb40f99d9963074b3aefe72365ce90c24312e73b2b.js?body=1" for 127.0.0.1 at 2015-12-26 14:51:09 -0500


Started GET "/assets/development/react.self-93bc62cb6c7b74ee7e5a2fcf623f3abbd365440bf90eba740c625f159078aa82.js?body=1" for 127.0.0.1 at 2015-12-26 14:51:09 -0500


Started GET "/assets/components/articles.self-6767ad88ed8cccc7f5e27985d20f185f3db00e954ebd00cda605987d2488bd07.js?body=1" for 127.0.0.1 at 2015-12-26 14:51:09 -0500


Started GET "/assets/components/header.self-832810ba5932ea8c1977fdf202d0c9d15c04c4687e5d415047f9812b9ee1c12d.js?body=1" for 127.0.0.1 at 2015-12-26 14:51:09 -0500


Started GET "/assets/components.self-e3b0c44298fc1c149afbf4c8996fb92427ae41e4649b934ca495991b7852b855.js?body=1" for 127.0.0.1 at 2015-12-26 14:51:09 -0500


Started GET "/assets/articleapp.self-55fd94261daa72b56bdfe326783b8bf1bfcd1e819030dc57f67c4a15070a6383.js?body=1" for 127.0.0.1 at 2015-12-26 14:51:09 -0500


Started GET "/assets/dispatcher/dispatcher.self-df4b2118c83e53bfcd046d9391e85547aa2f41e5a424adaa5c8d907b9675777f.js?body=1" for 127.0.0.1 at 2015-12-26 14:51:09 -0500


Started GET "/assets/stores/articles.self-e82566f6712dce6f080676da4a4b8b1cf2d3bc07b6766412d728c55a784a91ed.js?body=1" for 127.0.0.1 at 2015-12-26 14:51:09 -0500


Started GET "/assets/static_pages.self-877aef30ae1b040ab8a3aba4e3e309a11d7f2612f44dde450b5c157aa5f95c05.js?body=1" for 127.0.0.1 at 2015-12-26 14:51:09 -0500


Started GET "/assets/util/api_util.self-5cd07627ac3d5bd1f3ff7ee38ef7ef39767e4254c0606a2c07a0e163aee341df.js?body=1" for 127.0.0.1 at 2015-12-26 14:51:09 -0500


Started GET "/assets/application.self-44dc72337fbefc4f8c73fc8781b922cf9e4f99f8d068e6563c3820851d9390f6.js?body=1" for 127.0.0.1 at 2015-12-26 14:51:09 -0500


Started GET "/data/articles.json" for 127.0.0.1 at 2015-12-26 14:51:10 -0500

ActionController::RoutingError (No route matches [GET] "/data/articles.json"):
  actionpack (4.2.4) lib/action_dispatch/middleware/debug_exceptions.rb:21:in `call'
  web-console (2.2.1) lib/web_console/middleware.rb:39:in `call'
  actionpack (4.2.4) lib/action_dispatch/middleware/show_exceptions.rb:30:in `call'
  railties (4.2.4) lib/rails/rack/logger.rb:38:in `call_app'
  railties (4.2.4) lib/rails/rack/logger.rb:20:in `block in call'
  activesupport (4.2.4) lib/active_support/tagged_logging.rb:68:in `block in tagged'
  activesupport (4.2.4) lib/active_support/tagged_logging.rb:26:in `tagged'
  activesupport (4.2.4) lib/active_support/tagged_logging.rb:68:in `tagged'
  railties (4.2.4) lib/rails/rack/logger.rb:20:in `call'
  actionpack (4.2.4) lib/action_dispatch/middleware/request_id.rb:21:in `call'
  rack (1.6.4) lib/rack/methodoverride.rb:22:in `call'
  rack (1.6.4) lib/rack/runtime.rb:18:in `call'
  activesupport (4.2.4) lib/active_support/cache/strategy/local_cache_middleware.rb:28:in `call'
  rack (1.6.4) lib/rack/lock.rb:17:in `call'
  actionpack (4.2.4) lib/action_dispatch/middleware/static.rb:116:in `call'
  rack (1.6.4) lib/rack/sendfile.rb:113:in `call'
  railties (4.2.4) lib/rails/engine.rb:518:in `call'
  railties (4.2.4) lib/rails/application.rb:165:in `call'
  rack (1.6.4) lib/rack/lock.rb:17:in `call'
  rack (1.6.4) lib/rack/content_length.rb:15:in `call'
  rack (1.6.4) lib/rack/handler/webrick.rb:88:in `service'
  /home/scott/.rbenv/versions/2.2.3/lib/ruby/2.2.0/webrick/httpserver.rb:138:in `service'
  /home/scott/.rbenv/versions/2.2.3/lib/ruby/2.2.0/webrick/httpserver.rb:94:in `run'
  /home/scott/.rbenv/versions/2.2.3/lib/ruby/2.2.0/webrick/server.rb:294:in `block in start_thread'


  Rendered /home/scott/.rbenv/versions/2.2.3/lib/ruby/gems/2.2.0/gems/actionpack-4.2.4/lib/action_dispatch/middleware/templates/rescues/_trace.html.erb (2.5ms)
  Rendered /home/scott/.rbenv/versions/2.2.3/lib/ruby/gems/2.2.0/gems/actionpack-4.2.4/lib/action_dispatch/middleware/templates/routes/_route.html.erb (3.5ms)
  Rendered /home/scott/.rbenv/versions/2.2.3/lib/ruby/gems/2.2.0/gems/actionpack-4.2.4/lib/action_dispatch/middleware/templates/routes/_table.html.erb (2.2ms)
  Rendered /home/scott/.rbenv/versions/2.2.3/lib/ruby/gems/2.2.0/gems/actionpack-4.2.4/lib/action_dispatch/middleware/templates/rescues/_request_and_response.html.erb (2.3ms)
  Rendered /home/scott/.rbenv/versions/2.2.3/lib/ruby/gems/2.2.0/gems/actionpack-4.2.4/lib/action_dispatch/middleware/templates/rescues/routing_error.html.erb within rescues/layout (40.4ms)
  Rendered /home/scott/.rbenv/versions/2.2.3/lib/ruby/gems/2.2.0/gems/web-console-2.2.1/lib/web_console/templates/_markup.html.erb (0.7ms)
  Rendered /home/scott/.rbenv/versions/2.2.3/lib/ruby/gems/2.2.0/gems/web-console-2.2.1/lib/web_console/templates/_inner_console_markup.html.erb within layouts/inlined_string (1.6ms)
  Rendered /home/scott/.rbenv/versions/2.2.3/lib/ruby/gems/2.2.0/gems/web-console-2.2.1/lib/web_console/templates/_prompt_box_markup.html.erb within layouts/inlined_string (0.5ms)
  Rendered /home/scott/.rbenv/versions/2.2.3/lib/ruby/gems/2.2.0/gems/web-console-2.2.1/lib/web_console/templates/style.css.erb within layouts/inlined_string (0.7ms)
  Rendered /home/scott/.rbenv/versions/2.2.3/lib/ruby/gems/2.2.0/gems/web-console-2.2.1/lib/web_console/templates/console.js.erb within layouts/javascript (47.9ms)
  Rendered /home/scott/.rbenv/versions/2.2.3/lib/ruby/gems/2.2.0/gems/web-console-2.2.1/lib/web_console/templates/main.js.erb within layouts/javascript (0.5ms)
  Rendered /home/scott/.rbenv/versions/2.2.3/lib/ruby/gems/2.2.0/gems/web-console-2.2.1/lib/web_console/templates/error_page.js.erb within layouts/javascript (0.8ms)
  Rendered /home/scott/.rbenv/versions/2.2.3/lib/ruby/gems/2.2.0/gems/web-console-2.2.1/lib/web_console/templates/index.html.erb (113.2ms)


Started GET "/data/articles.json" for 127.0.0.1 at 2015-12-26 14:51:10 -0500

ActionController::RoutingError (No route matches [GET] "/data/articles.json"):
  actionpack (4.2.4) lib/action_dispatch/middleware/debug_exceptions.rb:21:in `call'
  web-console (2.2.1) lib/web_console/middleware.rb:39:in `call'
  actionpack (4.2.4) lib/action_dispatch/middleware/show_exceptions.rb:30:in `call'
  railties (4.2.4) lib/rails/rack/logger.rb:38:in `call_app'
  railties (4.2.4) lib/rails/rack/logger.rb:20:in `block in call'
  activesupport (4.2.4) lib/active_support/tagged_logging.rb:68:in `block in tagged'
  activesupport (4.2.4) lib/active_support/tagged_logging.rb:26:in `tagged'
  activesupport (4.2.4) lib/active_support/tagged_logging.rb:68:in `tagged'
  railties (4.2.4) lib/rails/rack/logger.rb:20:in `call'
  actionpack (4.2.4) lib/action_dispatch/middleware/request_id.rb:21:in `call'
  rack (1.6.4) lib/rack/methodoverride.rb:22:in `call'
  rack (1.6.4) lib/rack/runtime.rb:18:in `call'
  activesupport (4.2.4) lib/active_support/cache/strategy/local_cache_middleware.rb:28:in `call'
  rack (1.6.4) lib/rack/lock.rb:17:in `call'
  actionpack (4.2.4) lib/action_dispatch/middleware/static.rb:116:in `call'
  rack (1.6.4) lib/rack/sendfile.rb:113:in `call'
  railties (4.2.4) lib/rails/engine.rb:518:in `call'
  railties (4.2.4) lib/rails/application.rb:165:in `call'
  rack (1.6.4) lib/rack/lock.rb:17:in `call'
  rack (1.6.4) lib/rack/content_length.rb:15:in `call'
  rack (1.6.4) lib/rack/handler/webrick.rb:88:in `service'
  /home/scott/.rbenv/versions/2.2.3/lib/ruby/2.2.0/webrick/httpserver.rb:138:in `service'
  /home/scott/.rbenv/versions/2.2.3/lib/ruby/2.2.0/webrick/httpserver.rb:94:in `run'
  /home/scott/.rbenv/versions/2.2.3/lib/ruby/2.2.0/webrick/server.rb:294:in `block in start_thread'


  Rendered /home/scott/.rbenv/versions/2.2.3/lib/ruby/gems/2.2.0/gems/actionpack-4.2.4/lib/action_dispatch/middleware/templates/rescues/_trace.html.erb (2.5ms)
  Rendered /home/scott/.rbenv/versions/2.2.3/lib/ruby/gems/2.2.0/gems/actionpack-4.2.4/lib/action_dispatch/middleware/templates/routes/_route.html.erb (4.3ms)
  Rendered /home/scott/.rbenv/versions/2.2.3/lib/ruby/gems/2.2.0/gems/actionpack-4.2.4/lib/action_dispatch/middleware/templates/routes/_table.html.erb (2.1ms)
  Rendered /home/scott/.rbenv/versions/2.2.3/lib/ruby/gems/2.2.0/gems/actionpack-4.2.4/lib/action_dispatch/middleware/templates/rescues/_request_and_response.html.erb (2.0ms)
  Rendered /home/scott/.rbenv/versions/2.2.3/lib/ruby/gems/2.2.0/gems/actionpack-4.2.4/lib/action_dispatch/middleware/templates/rescues/routing_error.html.erb within rescues/layout (50.5ms)
  Rendered /home/scott/.rbenv/versions/2.2.3/lib/ruby/gems/2.2.0/gems/web-console-2.2.1/lib/web_console/templates/_markup.html.erb (1.0ms)
  Rendered /home/scott/.rbenv/versions/2.2.3/lib/ruby/gems/2.2.0/gems/web-console-2.2.1/lib/web_console/templates/_inner_console_markup.html.erb within layouts/inlined_string (0.5ms)
  Rendered /home/scott/.rbenv/versions/2.2.3/lib/ruby/gems/2.2.0/gems/web-console-2.2.1/lib/web_console/templates/_prompt_box_markup.html.erb within layouts/inlined_string (0.4ms)
  Rendered /home/scott/.rbenv/versions/2.2.3/lib/ruby/gems/2.2.0/gems/web-console-2.2.1/lib/web_console/templates/style.css.erb within layouts/inlined_string (0.5ms)
  Rendered /home/scott/.rbenv/versions/2.2.3/lib/ruby/gems/2.2.0/gems/web-console-2.2.1/lib/web_console/templates/console.js.erb within layouts/javascript (26.0ms)
  Rendered /home/scott/.rbenv/versions/2.2.3/lib/ruby/gems/2.2.0/gems/web-console-2.2.1/lib/web_console/templates/main.js.erb within layouts/javascript (0.4ms)
  Rendered /home/scott/.rbenv/versions/2.2.3/lib/ruby/gems/2.2.0/gems/web-console-2.2.1/lib/web_console/templates/error_page.js.erb within layouts/javascript (0.8ms)
  Rendered /home/scott/.rbenv/versions/2.2.3/lib/ruby/gems/2.2.0/gems/web-console-2.2.1/lib/web_console/templates/index.html.erb (53.0ms)


Started GET "/" for 127.0.0.1 at 2015-12-26 14:53:27 -0500
Processing by StaticPagesController#root as HTML
  Rendered static_pages/root.html.erb within layouts/application (0.1ms)
Completed 200 OK in 1114ms (Views: 1112.9ms | ActiveRecord: 0.0ms)


Started GET "/assets/articles.self-718213082b15cd6db24552eb7bdeb4570c093b93646b1ac959d00fcec446a2c8.css?body=1" for 127.0.0.1 at 2015-12-26 14:53:28 -0500


Started GET "/assets/static_pages.self-e3b0c44298fc1c149afbf4c8996fb92427ae41e4649b934ca495991b7852b855.css?body=1" for 127.0.0.1 at 2015-12-26 14:53:28 -0500


Started GET "/assets/application.self-e80e8f2318043e8af94dddc2adad5a4f09739a8ebb323b3ab31cd71d45fd9113.css?body=1" for 127.0.0.1 at 2015-12-26 14:53:28 -0500


Started GET "/assets/jquery.self-a714331225dda820228db323939889f149aec0127aeb06255646b616ba1ca419.js?body=1" for 127.0.0.1 at 2015-12-26 14:53:28 -0500


Started GET "/assets/jquery_ujs.self-d456baa54c1fa6be2ec3711f0a72ddf7a5b2f34a6b4f515f33767d6207b7d4b3.js?body=1" for 127.0.0.1 at 2015-12-26 14:53:28 -0500


Started GET "/assets/components/articles.self-733c4ef1857e25145631406fcb54dbc8e3ded5fb960f3c9f148747ec5be0e1db.js?body=1" for 127.0.0.1 at 2015-12-26 14:53:28 -0500


Started GET "/assets/turbolinks.self-c37727e9bd6b2735da5c311aa83fead54ed0be6cc8bd9a65309e9c5abe2cbfff.js?body=1" for 127.0.0.1 at 2015-12-26 14:53:28 -0500


Started GET "/assets/development/react.self-93bc62cb6c7b74ee7e5a2fcf623f3abbd365440bf90eba740c625f159078aa82.js?body=1" for 127.0.0.1 at 2015-12-26 14:53:28 -0500


Started GET "/assets/components.self-e3b0c44298fc1c149afbf4c8996fb92427ae41e4649b934ca495991b7852b855.js?body=1" for 127.0.0.1 at 2015-12-26 14:53:28 -0500


Started GET "/assets/actions/api_actions.self-f25b74135cfa5b2cf04d471aaf83b1dd5c08ede95281929046214c062faa769d.js?body=1" for 127.0.0.1 at 2015-12-26 14:53:28 -0500


Started GET "/assets/components/header.self-832810ba5932ea8c1977fdf202d0c9d15c04c4687e5d415047f9812b9ee1c12d.js?body=1" for 127.0.0.1 at 2015-12-26 14:53:28 -0500


Started GET "/assets/react_ujs.self-c42e5ee44bcda6910afca6fb40f99d9963074b3aefe72365ce90c24312e73b2b.js?body=1" for 127.0.0.1 at 2015-12-26 14:53:28 -0500


Started GET "/assets/components/article_line.self-6d1778e11f25cc45875298548bae80cf0d39b550aaf25401b87b7325474dcec5.js?body=1" for 127.0.0.1 at 2015-12-26 14:53:28 -0500


Started GET "/assets/dispatcher/dispatcher.self-df4b2118c83e53bfcd046d9391e85547aa2f41e5a424adaa5c8d907b9675777f.js?body=1" for 127.0.0.1 at 2015-12-26 14:53:29 -0500


Started GET "/assets/articleapp.self-55fd94261daa72b56bdfe326783b8bf1bfcd1e819030dc57f67c4a15070a6383.js?body=1" for 127.0.0.1 at 2015-12-26 14:53:29 -0500


Started GET "/assets/static_pages.self-877aef30ae1b040ab8a3aba4e3e309a11d7f2612f44dde450b5c157aa5f95c05.js?body=1" for 127.0.0.1 at 2015-12-26 14:53:29 -0500


Started GET "/assets/stores/articles.self-e82566f6712dce6f080676da4a4b8b1cf2d3bc07b6766412d728c55a784a91ed.js?body=1" for 127.0.0.1 at 2015-12-26 14:53:29 -0500


Started GET "/assets/application.self-44dc72337fbefc4f8c73fc8781b922cf9e4f99f8d068e6563c3820851d9390f6.js?body=1" for 127.0.0.1 at 2015-12-26 14:53:29 -0500


Started GET "/assets/util/api_util.self-5cd07627ac3d5bd1f3ff7ee38ef7ef39767e4254c0606a2c07a0e163aee341df.js?body=1" for 127.0.0.1 at 2015-12-26 14:53:29 -0500


Started GET "/data/articles.json" for 127.0.0.1 at 2015-12-26 14:53:29 -0500

ActionController::RoutingError (No route matches [GET] "/data/articles.json"):
  actionpack (4.2.4) lib/action_dispatch/middleware/debug_exceptions.rb:21:in `call'
  web-console (2.2.1) lib/web_console/middleware.rb:39:in `call'
  actionpack (4.2.4) lib/action_dispatch/middleware/show_exceptions.rb:30:in `call'
  railties (4.2.4) lib/rails/rack/logger.rb:38:in `call_app'
  railties (4.2.4) lib/rails/rack/logger.rb:20:in `block in call'
  activesupport (4.2.4) lib/active_support/tagged_logging.rb:68:in `block in tagged'
  activesupport (4.2.4) lib/active_support/tagged_logging.rb:26:in `tagged'
  activesupport (4.2.4) lib/active_support/tagged_logging.rb:68:in `tagged'
  railties (4.2.4) lib/rails/rack/logger.rb:20:in `call'
  actionpack (4.2.4) lib/action_dispatch/middleware/request_id.rb:21:in `call'
  rack (1.6.4) lib/rack/methodoverride.rb:22:in `call'
  rack (1.6.4) lib/rack/runtime.rb:18:in `call'
  activesupport (4.2.4) lib/active_support/cache/strategy/local_cache_middleware.rb:28:in `call'
  rack (1.6.4) lib/rack/lock.rb:17:in `call'
  actionpack (4.2.4) lib/action_dispatch/middleware/static.rb:116:in `call'
  rack (1.6.4) lib/rack/sendfile.rb:113:in `call'
  railties (4.2.4) lib/rails/engine.rb:518:in `call'
  railties (4.2.4) lib/rails/application.rb:165:in `call'
  rack (1.6.4) lib/rack/lock.rb:17:in `call'
  rack (1.6.4) lib/rack/content_length.rb:15:in `call'
  rack (1.6.4) lib/rack/handler/webrick.rb:88:in `service'
  /home/scott/.rbenv/versions/2.2.3/lib/ruby/2.2.0/webrick/httpserver.rb:138:in `service'
  /home/scott/.rbenv/versions/2.2.3/lib/ruby/2.2.0/webrick/httpserver.rb:94:in `run'
  /home/scott/.rbenv/versions/2.2.3/lib/ruby/2.2.0/webrick/server.rb:294:in `block in start_thread'


  Rendered /home/scott/.rbenv/versions/2.2.3/lib/ruby/gems/2.2.0/gems/actionpack-4.2.4/lib/action_dispatch/middleware/templates/rescues/_trace.html.erb (4.8ms)
  Rendered /home/scott/.rbenv/versions/2.2.3/lib/ruby/gems/2.2.0/gems/actionpack-4.2.4/lib/action_dispatch/middleware/templates/routes/_route.html.erb (1.1ms)
  Rendered /home/scott/.rbenv/versions/2.2.3/lib/ruby/gems/2.2.0/gems/actionpack-4.2.4/lib/action_dispatch/middleware/templates/routes/_table.html.erb (2.2ms)
  Rendered /home/scott/.rbenv/versions/2.2.3/lib/ruby/gems/2.2.0/gems/actionpack-4.2.4/lib/action_dispatch/middleware/templates/rescues/_request_and_response.html.erb (2.8ms)
  Rendered /home/scott/.rbenv/versions/2.2.3/lib/ruby/gems/2.2.0/gems/actionpack-4.2.4/lib/action_dispatch/middleware/templates/rescues/routing_error.html.erb within rescues/layout (70.6ms)
  Rendered /home/scott/.rbenv/versions/2.2.3/lib/ruby/gems/2.2.0/gems/web-console-2.2.1/lib/web_console/templates/_markup.html.erb (3.2ms)
  Rendered /home/scott/.rbenv/versions/2.2.3/lib/ruby/gems/2.2.0/gems/web-console-2.2.1/lib/web_console/templates/_inner_console_markup.html.erb within layouts/inlined_string (0.5ms)
  Rendered /home/scott/.rbenv/versions/2.2.3/lib/ruby/gems/2.2.0/gems/web-console-2.2.1/lib/web_console/templates/_prompt_box_markup.html.erb within layouts/inlined_string (0.7ms)
  Rendered /home/scott/.rbenv/versions/2.2.3/lib/ruby/gems/2.2.0/gems/web-console-2.2.1/lib/web_console/templates/style.css.erb within layouts/inlined_string (0.5ms)
  Rendered /home/scott/.rbenv/versions/2.2.3/lib/ruby/gems/2.2.0/gems/web-console-2.2.1/lib/web_console/templates/console.js.erb within layouts/javascript (35.8ms)
  Rendered /home/scott/.rbenv/versions/2.2.3/lib/ruby/gems/2.2.0/gems/web-console-2.2.1/lib/web_console/templates/main.js.erb within layouts/javascript (0.5ms)
  Rendered /home/scott/.rbenv/versions/2.2.3/lib/ruby/gems/2.2.0/gems/web-console-2.2.1/lib/web_console/templates/error_page.js.erb within layouts/javascript (0.6ms)
  Rendered /home/scott/.rbenv/versions/2.2.3/lib/ruby/gems/2.2.0/gems/web-console-2.2.1/lib/web_console/templates/index.html.erb (108.1ms)


Started GET "/data/articles.json" for 127.0.0.1 at 2015-12-26 14:53:29 -0500

ActionController::RoutingError (No route matches [GET] "/data/articles.json"):
  actionpack (4.2.4) lib/action_dispatch/middleware/debug_exceptions.rb:21:in `call'
  web-console (2.2.1) lib/web_console/middleware.rb:39:in `call'
  actionpack (4.2.4) lib/action_dispatch/middleware/show_exceptions.rb:30:in `call'
  railties (4.2.4) lib/rails/rack/logger.rb:38:in `call_app'
  railties (4.2.4) lib/rails/rack/logger.rb:20:in `block in call'
  activesupport (4.2.4) lib/active_support/tagged_logging.rb:68:in `block in tagged'
  activesupport (4.2.4) lib/active_support/tagged_logging.rb:26:in `tagged'
  activesupport (4.2.4) lib/active_support/tagged_logging.rb:68:in `tagged'
  railties (4.2.4) lib/rails/rack/logger.rb:20:in `call'
  actionpack (4.2.4) lib/action_dispatch/middleware/request_id.rb:21:in `call'
  rack (1.6.4) lib/rack/methodoverride.rb:22:in `call'
  rack (1.6.4) lib/rack/runtime.rb:18:in `call'
  activesupport (4.2.4) lib/active_support/cache/strategy/local_cache_middleware.rb:28:in `call'
  rack (1.6.4) lib/rack/lock.rb:17:in `call'
  actionpack (4.2.4) lib/action_dispatch/middleware/static.rb:116:in `call'
  rack (1.6.4) lib/rack/sendfile.rb:113:in `call'
  railties (4.2.4) lib/rails/engine.rb:518:in `call'
  railties (4.2.4) lib/rails/application.rb:165:in `call'
  rack (1.6.4) lib/rack/lock.rb:17:in `call'
  rack (1.6.4) lib/rack/content_length.rb:15:in `call'
  rack (1.6.4) lib/rack/handler/webrick.rb:88:in `service'
  /home/scott/.rbenv/versions/2.2.3/lib/ruby/2.2.0/webrick/httpserver.rb:138:in `service'
  /home/scott/.rbenv/versions/2.2.3/lib/ruby/2.2.0/webrick/httpserver.rb:94:in `run'
  /home/scott/.rbenv/versions/2.2.3/lib/ruby/2.2.0/webrick/server.rb:294:in `block in start_thread'


  Rendered /home/scott/.rbenv/versions/2.2.3/lib/ruby/gems/2.2.0/gems/actionpack-4.2.4/lib/action_dispatch/middleware/templates/rescues/_trace.html.erb (2.7ms)
  Rendered /home/scott/.rbenv/versions/2.2.3/lib/ruby/gems/2.2.0/gems/actionpack-4.2.4/lib/action_dispatch/middleware/templates/routes/_route.html.erb (1.0ms)
  Rendered /home/scott/.rbenv/versions/2.2.3/lib/ruby/gems/2.2.0/gems/actionpack-4.2.4/lib/action_dispatch/middleware/templates/routes/_table.html.erb (2.1ms)
  Rendered /home/scott/.rbenv/versions/2.2.3/lib/ruby/gems/2.2.0/gems/actionpack-4.2.4/lib/action_dispatch/middleware/templates/rescues/_request_and_response.html.erb (1.8ms)
  Rendered /home/scott/.rbenv/versions/2.2.3/lib/ruby/gems/2.2.0/gems/actionpack-4.2.4/lib/action_dispatch/middleware/templates/rescues/routing_error.html.erb within rescues/layout (57.2ms)
  Rendered /home/scott/.rbenv/versions/2.2.3/lib/ruby/gems/2.2.0/gems/web-console-2.2.1/lib/web_console/templates/_markup.html.erb (0.6ms)
  Rendered /home/scott/.rbenv/versions/2.2.3/lib/ruby/gems/2.2.0/gems/web-console-2.2.1/lib/web_console/templates/_inner_console_markup.html.erb within layouts/inlined_string (0.5ms)
  Rendered /home/scott/.rbenv/versions/2.2.3/lib/ruby/gems/2.2.0/gems/web-console-2.2.1/lib/web_console/templates/_prompt_box_markup.html.erb within layouts/inlined_string (0.4ms)
  Rendered /home/scott/.rbenv/versions/2.2.3/lib/ruby/gems/2.2.0/gems/web-console-2.2.1/lib/web_console/templates/style.css.erb within layouts/inlined_string (0.5ms)
  Rendered /home/scott/.rbenv/versions/2.2.3/lib/ruby/gems/2.2.0/gems/web-console-2.2.1/lib/web_console/templates/console.js.erb within layouts/javascript (26.6ms)
  Rendered /home/scott/.rbenv/versions/2.2.3/lib/ruby/gems/2.2.0/gems/web-console-2.2.1/lib/web_console/templates/main.js.erb within layouts/javascript (0.4ms)
  Rendered /home/scott/.rbenv/versions/2.2.3/lib/ruby/gems/2.2.0/gems/web-console-2.2.1/lib/web_console/templates/error_page.js.erb within layouts/javascript (0.6ms)
  Rendered /home/scott/.rbenv/versions/2.2.3/lib/ruby/gems/2.2.0/gems/web-console-2.2.1/lib/web_console/templates/index.html.erb (56.7ms)


Started GET "/" for 127.0.0.1 at 2015-12-26 14:54:38 -0500
Processing by StaticPagesController#root as HTML
  Rendered static_pages/root.html.erb within layouts/application (0.1ms)
Completed 200 OK in 1087ms (Views: 1085.9ms | ActiveRecord: 0.0ms)


Started GET "/assets/articles.self-718213082b15cd6db24552eb7bdeb4570c093b93646b1ac959d00fcec446a2c8.css?body=1" for 127.0.0.1 at 2015-12-26 14:54:39 -0500


Started GET "/assets/static_pages.self-e3b0c44298fc1c149afbf4c8996fb92427ae41e4649b934ca495991b7852b855.css?body=1" for 127.0.0.1 at 2015-12-26 14:54:39 -0500


Started GET "/assets/application.self-e80e8f2318043e8af94dddc2adad5a4f09739a8ebb323b3ab31cd71d45fd9113.css?body=1" for 127.0.0.1 at 2015-12-26 14:54:39 -0500


Started GET "/assets/jquery_ujs.self-d456baa54c1fa6be2ec3711f0a72ddf7a5b2f34a6b4f515f33767d6207b7d4b3.js?body=1" for 127.0.0.1 at 2015-12-26 14:54:39 -0500


Started GET "/assets/jquery.self-a714331225dda820228db323939889f149aec0127aeb06255646b616ba1ca419.js?body=1" for 127.0.0.1 at 2015-12-26 14:54:39 -0500


Started GET "/assets/turbolinks.self-c37727e9bd6b2735da5c311aa83fead54ed0be6cc8bd9a65309e9c5abe2cbfff.js?body=1" for 127.0.0.1 at 2015-12-26 14:54:39 -0500


Started GET "/assets/components/article_line.self-6d1778e11f25cc45875298548bae80cf0d39b550aaf25401b87b7325474dcec5.js?body=1" for 127.0.0.1 at 2015-12-26 14:54:39 -0500


Started GET "/assets/react_ujs.self-c42e5ee44bcda6910afca6fb40f99d9963074b3aefe72365ce90c24312e73b2b.js?body=1" for 127.0.0.1 at 2015-12-26 14:54:39 -0500


Started GET "/assets/development/react.self-93bc62cb6c7b74ee7e5a2fcf623f3abbd365440bf90eba740c625f159078aa82.js?body=1" for 127.0.0.1 at 2015-12-26 14:54:39 -0500


Started GET "/assets/components/articles.self-32503eb563035a8ae2260aafc4f65c6f977afb7d20b95c96a62b30e139c8fcc0.js?body=1" for 127.0.0.1 at 2015-12-26 14:54:39 -0500


Started GET "/assets/components/header.self-832810ba5932ea8c1977fdf202d0c9d15c04c4687e5d415047f9812b9ee1c12d.js?body=1" for 127.0.0.1 at 2015-12-26 14:54:39 -0500


Started GET "/assets/components.self-e3b0c44298fc1c149afbf4c8996fb92427ae41e4649b934ca495991b7852b855.js?body=1" for 127.0.0.1 at 2015-12-26 14:54:39 -0500


Started GET "/assets/articleapp.self-55fd94261daa72b56bdfe326783b8bf1bfcd1e819030dc57f67c4a15070a6383.js?body=1" for 127.0.0.1 at 2015-12-26 14:54:39 -0500


Started GET "/assets/actions/api_actions.self-f25b74135cfa5b2cf04d471aaf83b1dd5c08ede95281929046214c062faa769d.js?body=1" for 127.0.0.1 at 2015-12-26 14:54:39 -0500


Started GET "/assets/dispatcher/dispatcher.self-df4b2118c83e53bfcd046d9391e85547aa2f41e5a424adaa5c8d907b9675777f.js?body=1" for 127.0.0.1 at 2015-12-26 14:54:39 -0500


Started GET "/assets/static_pages.self-877aef30ae1b040ab8a3aba4e3e309a11d7f2612f44dde450b5c157aa5f95c05.js?body=1" for 127.0.0.1 at 2015-12-26 14:54:39 -0500


Started GET "/assets/stores/articles.self-e82566f6712dce6f080676da4a4b8b1cf2d3bc07b6766412d728c55a784a91ed.js?body=1" for 127.0.0.1 at 2015-12-26 14:54:39 -0500


Started GET "/assets/util/api_util.self-5cd07627ac3d5bd1f3ff7ee38ef7ef39767e4254c0606a2c07a0e163aee341df.js?body=1" for 127.0.0.1 at 2015-12-26 14:54:39 -0500


Started GET "/assets/application.self-44dc72337fbefc4f8c73fc8781b922cf9e4f99f8d068e6563c3820851d9390f6.js?body=1" for 127.0.0.1 at 2015-12-26 14:54:39 -0500


Started GET "/data/articles.json" for 127.0.0.1 at 2015-12-26 14:54:40 -0500

ActionController::RoutingError (No route matches [GET] "/data/articles.json"):
  actionpack (4.2.4) lib/action_dispatch/middleware/debug_exceptions.rb:21:in `call'
  web-console (2.2.1) lib/web_console/middleware.rb:39:in `call'
  actionpack (4.2.4) lib/action_dispatch/middleware/show_exceptions.rb:30:in `call'
  railties (4.2.4) lib/rails/rack/logger.rb:38:in `call_app'
  railties (4.2.4) lib/rails/rack/logger.rb:20:in `block in call'
  activesupport (4.2.4) lib/active_support/tagged_logging.rb:68:in `block in tagged'
  activesupport (4.2.4) lib/active_support/tagged_logging.rb:26:in `tagged'
  activesupport (4.2.4) lib/active_support/tagged_logging.rb:68:in `tagged'
  railties (4.2.4) lib/rails/rack/logger.rb:20:in `call'
  actionpack (4.2.4) lib/action_dispatch/middleware/request_id.rb:21:in `call'
  rack (1.6.4) lib/rack/methodoverride.rb:22:in `call'
  rack (1.6.4) lib/rack/runtime.rb:18:in `call'
  activesupport (4.2.4) lib/active_support/cache/strategy/local_cache_middleware.rb:28:in `call'
  rack (1.6.4) lib/rack/lock.rb:17:in `call'
  actionpack (4.2.4) lib/action_dispatch/middleware/static.rb:116:in `call'
  rack (1.6.4) lib/rack/sendfile.rb:113:in `call'
  railties (4.2.4) lib/rails/engine.rb:518:in `call'
  railties (4.2.4) lib/rails/application.rb:165:in `call'
  rack (1.6.4) lib/rack/lock.rb:17:in `call'
  rack (1.6.4) lib/rack/content_length.rb:15:in `call'
  rack (1.6.4) lib/rack/handler/webrick.rb:88:in `service'
  /home/scott/.rbenv/versions/2.2.3/lib/ruby/2.2.0/webrick/httpserver.rb:138:in `service'
  /home/scott/.rbenv/versions/2.2.3/lib/ruby/2.2.0/webrick/httpserver.rb:94:in `run'
  /home/scott/.rbenv/versions/2.2.3/lib/ruby/2.2.0/webrick/server.rb:294:in `block in start_thread'


  Rendered /home/scott/.rbenv/versions/2.2.3/lib/ruby/gems/2.2.0/gems/actionpack-4.2.4/lib/action_dispatch/middleware/templates/rescues/_trace.html.erb (1.9ms)
  Rendered /home/scott/.rbenv/versions/2.2.3/lib/ruby/gems/2.2.0/gems/actionpack-4.2.4/lib/action_dispatch/middleware/templates/routes/_route.html.erb (1.0ms)
  Rendered /home/scott/.rbenv/versions/2.2.3/lib/ruby/gems/2.2.0/gems/actionpack-4.2.4/lib/action_dispatch/middleware/templates/routes/_table.html.erb (1.8ms)
  Rendered /home/scott/.rbenv/versions/2.2.3/lib/ruby/gems/2.2.0/gems/actionpack-4.2.4/lib/action_dispatch/middleware/templates/rescues/_request_and_response.html.erb (1.6ms)
  Rendered /home/scott/.rbenv/versions/2.2.3/lib/ruby/gems/2.2.0/gems/actionpack-4.2.4/lib/action_dispatch/middleware/templates/rescues/routing_error.html.erb within rescues/layout (74.9ms)
  Rendered /home/scott/.rbenv/versions/2.2.3/lib/ruby/gems/2.2.0/gems/web-console-2.2.1/lib/web_console/templates/_markup.html.erb (0.8ms)
  Rendered /home/scott/.rbenv/versions/2.2.3/lib/ruby/gems/2.2.0/gems/web-console-2.2.1/lib/web_console/templates/_inner_console_markup.html.erb within layouts/inlined_string (0.4ms)
  Rendered /home/scott/.rbenv/versions/2.2.3/lib/ruby/gems/2.2.0/gems/web-console-2.2.1/lib/web_console/templates/_prompt_box_markup.html.erb within layouts/inlined_string (0.5ms)
  Rendered /home/scott/.rbenv/versions/2.2.3/lib/ruby/gems/2.2.0/gems/web-console-2.2.1/lib/web_console/templates/style.css.erb within layouts/inlined_string (0.5ms)
  Rendered /home/scott/.rbenv/versions/2.2.3/lib/ruby/gems/2.2.0/gems/web-console-2.2.1/lib/web_console/templates/console.js.erb within layouts/javascript (34.9ms)
  Rendered /home/scott/.rbenv/versions/2.2.3/lib/ruby/gems/2.2.0/gems/web-console-2.2.1/lib/web_console/templates/main.js.erb within layouts/javascript (0.4ms)
  Rendered /home/scott/.rbenv/versions/2.2.3/lib/ruby/gems/2.2.0/gems/web-console-2.2.1/lib/web_console/templates/error_page.js.erb within layouts/javascript (0.6ms)
  Rendered /home/scott/.rbenv/versions/2.2.3/lib/ruby/gems/2.2.0/gems/web-console-2.2.1/lib/web_console/templates/index.html.erb (66.8ms)


Started GET "/assets/data/articles.json" for 127.0.0.1 at 2015-12-26 14:54:40 -0500


Started GET "/" for 127.0.0.1 at 2015-12-26 14:55:00 -0500
Processing by StaticPagesController#root as HTML
  Rendered static_pages/root.html.erb within layouts/application (0.1ms)
Completed 200 OK in 255ms (Views: 253.9ms | ActiveRecord: 0.0ms)


Started GET "/assets/static_pages.self-e3b0c44298fc1c149afbf4c8996fb92427ae41e4649b934ca495991b7852b855.css?body=1" for 127.0.0.1 at 2015-12-26 14:55:01 -0500


Started GET "/assets/articles.self-718213082b15cd6db24552eb7bdeb4570c093b93646b1ac959d00fcec446a2c8.css?body=1" for 127.0.0.1 at 2015-12-26 14:55:01 -0500


Started GET "/assets/application.self-e80e8f2318043e8af94dddc2adad5a4f09739a8ebb323b3ab31cd71d45fd9113.css?body=1" for 127.0.0.1 at 2015-12-26 14:55:01 -0500


Started GET "/assets/jquery.self-a714331225dda820228db323939889f149aec0127aeb06255646b616ba1ca419.js?body=1" for 127.0.0.1 at 2015-12-26 14:55:01 -0500


Started GET "/assets/turbolinks.self-c37727e9bd6b2735da5c311aa83fead54ed0be6cc8bd9a65309e9c5abe2cbfff.js?body=1" for 127.0.0.1 at 2015-12-26 14:55:01 -0500


Started GET "/assets/jquery_ujs.self-d456baa54c1fa6be2ec3711f0a72ddf7a5b2f34a6b4f515f33767d6207b7d4b3.js?body=1" for 127.0.0.1 at 2015-12-26 14:55:01 -0500


Started GET "/assets/development/react.self-93bc62cb6c7b74ee7e5a2fcf623f3abbd365440bf90eba740c625f159078aa82.js?body=1" for 127.0.0.1 at 2015-12-26 14:55:01 -0500


Started GET "/assets/react_ujs.self-c42e5ee44bcda6910afca6fb40f99d9963074b3aefe72365ce90c24312e73b2b.js?body=1" for 127.0.0.1 at 2015-12-26 14:55:01 -0500


Started GET "/assets/components/header.self-832810ba5932ea8c1977fdf202d0c9d15c04c4687e5d415047f9812b9ee1c12d.js?body=1" for 127.0.0.1 at 2015-12-26 14:55:01 -0500


Started GET "/assets/components.self-e3b0c44298fc1c149afbf4c8996fb92427ae41e4649b934ca495991b7852b855.js?body=1" for 127.0.0.1 at 2015-12-26 14:55:01 -0500


Started GET "/assets/components/articles.self-32503eb563035a8ae2260aafc4f65c6f977afb7d20b95c96a62b30e139c8fcc0.js?body=1" for 127.0.0.1 at 2015-12-26 14:55:01 -0500


Started GET "/assets/components/article_line.self-6d1778e11f25cc45875298548bae80cf0d39b550aaf25401b87b7325474dcec5.js?body=1" for 127.0.0.1 at 2015-12-26 14:55:01 -0500


Started GET "/assets/util/api_util.self-53ec512c1e67d7e99992d647452eaa450f3ca73c1eff9f7d6d5832d50adf601b.js?body=1" for 127.0.0.1 at 2015-12-26 14:55:01 -0500


Started GET "/assets/actions/api_actions.self-f25b74135cfa5b2cf04d471aaf83b1dd5c08ede95281929046214c062faa769d.js?body=1" for 127.0.0.1 at 2015-12-26 14:55:01 -0500


Started GET "/assets/static_pages.self-877aef30ae1b040ab8a3aba4e3e309a11d7f2612f44dde450b5c157aa5f95c05.js?body=1" for 127.0.0.1 at 2015-12-26 14:55:01 -0500


Started GET "/assets/stores/articles.self-e82566f6712dce6f080676da4a4b8b1cf2d3bc07b6766412d728c55a784a91ed.js?body=1" for 127.0.0.1 at 2015-12-26 14:55:01 -0500


Started GET "/assets/dispatcher/dispatcher.self-df4b2118c83e53bfcd046d9391e85547aa2f41e5a424adaa5c8d907b9675777f.js?body=1" for 127.0.0.1 at 2015-12-26 14:55:01 -0500


Started GET "/assets/articleapp.self-55fd94261daa72b56bdfe326783b8bf1bfcd1e819030dc57f67c4a15070a6383.js?body=1" for 127.0.0.1 at 2015-12-26 14:55:01 -0500


Started GET "/assets/application.self-44dc72337fbefc4f8c73fc8781b922cf9e4f99f8d068e6563c3820851d9390f6.js?body=1" for 127.0.0.1 at 2015-12-26 14:55:01 -0500


Started GET "/assets/data/articles.json" for 127.0.0.1 at 2015-12-26 14:55:01 -0500


Started GET "/assets/data/articles.json" for 127.0.0.1 at 2015-12-26 14:55:01 -0500


Started GET "/" for 127.0.0.1 at 2015-12-26 14:55:23 -0500
Processing by StaticPagesController#root as HTML
  Rendered static_pages/root.html.erb within layouts/application (0.1ms)
Completed 200 OK in 1101ms (Views: 1099.9ms | ActiveRecord: 0.0ms)


Started GET "/assets/articles.self-718213082b15cd6db24552eb7bdeb4570c093b93646b1ac959d00fcec446a2c8.css?body=1" for 127.0.0.1 at 2015-12-26 14:55:25 -0500


Started GET "/assets/static_pages.self-e3b0c44298fc1c149afbf4c8996fb92427ae41e4649b934ca495991b7852b855.css?body=1" for 127.0.0.1 at 2015-12-26 14:55:25 -0500


Started GET "/assets/application.self-e80e8f2318043e8af94dddc2adad5a4f09739a8ebb323b3ab31cd71d45fd9113.css?body=1" for 127.0.0.1 at 2015-12-26 14:55:25 -0500


Started GET "/assets/turbolinks.self-c37727e9bd6b2735da5c311aa83fead54ed0be6cc8bd9a65309e9c5abe2cbfff.js?body=1" for 127.0.0.1 at 2015-12-26 14:55:25 -0500


Started GET "/assets/jquery_ujs.self-d456baa54c1fa6be2ec3711f0a72ddf7a5b2f34a6b4f515f33767d6207b7d4b3.js?body=1" for 127.0.0.1 at 2015-12-26 14:55:25 -0500


Started GET "/assets/jquery.self-a714331225dda820228db323939889f149aec0127aeb06255646b616ba1ca419.js?body=1" for 127.0.0.1 at 2015-12-26 14:55:25 -0500


Started GET "/assets/components/article_line.self-6d1778e11f25cc45875298548bae80cf0d39b550aaf25401b87b7325474dcec5.js?body=1" for 127.0.0.1 at 2015-12-26 14:55:25 -0500


Started GET "/assets/development/react.self-93bc62cb6c7b74ee7e5a2fcf623f3abbd365440bf90eba740c625f159078aa82.js?body=1" for 127.0.0.1 at 2015-12-26 14:55:25 -0500


Started GET "/assets/components/articles.self-1e5f1ff3a4dd7c84147c7b04f74c1853e48b392ec50869df48e62eeafe9a349a.js?body=1" for 127.0.0.1 at 2015-12-26 14:55:25 -0500


Started GET "/assets/react_ujs.self-c42e5ee44bcda6910afca6fb40f99d9963074b3aefe72365ce90c24312e73b2b.js?body=1" for 127.0.0.1 at 2015-12-26 14:55:25 -0500


Started GET "/assets/components.self-e3b0c44298fc1c149afbf4c8996fb92427ae41e4649b934ca495991b7852b855.js?body=1" for 127.0.0.1 at 2015-12-26 14:55:25 -0500


Started GET "/assets/actions/api_actions.self-f25b74135cfa5b2cf04d471aaf83b1dd5c08ede95281929046214c062faa769d.js?body=1" for 127.0.0.1 at 2015-12-26 14:55:25 -0500


Started GET "/assets/articleapp.self-55fd94261daa72b56bdfe326783b8bf1bfcd1e819030dc57f67c4a15070a6383.js?body=1" for 127.0.0.1 at 2015-12-26 14:55:25 -0500


Started GET "/assets/components/header.self-832810ba5932ea8c1977fdf202d0c9d15c04c4687e5d415047f9812b9ee1c12d.js?body=1" for 127.0.0.1 at 2015-12-26 14:55:25 -0500


Started GET "/assets/static_pages.self-877aef30ae1b040ab8a3aba4e3e309a11d7f2612f44dde450b5c157aa5f95c05.js?body=1" for 127.0.0.1 at 2015-12-26 14:55:25 -0500


Started GET "/assets/dispatcher/dispatcher.self-df4b2118c83e53bfcd046d9391e85547aa2f41e5a424adaa5c8d907b9675777f.js?body=1" for 127.0.0.1 at 2015-12-26 14:55:25 -0500


Started GET "/assets/util/api_util.self-53ec512c1e67d7e99992d647452eaa450f3ca73c1eff9f7d6d5832d50adf601b.js?body=1" for 127.0.0.1 at 2015-12-26 14:55:25 -0500


Started GET "/assets/stores/articles.self-e82566f6712dce6f080676da4a4b8b1cf2d3bc07b6766412d728c55a784a91ed.js?body=1" for 127.0.0.1 at 2015-12-26 14:55:25 -0500


Started GET "/assets/application.self-44dc72337fbefc4f8c73fc8781b922cf9e4f99f8d068e6563c3820851d9390f6.js?body=1" for 127.0.0.1 at 2015-12-26 14:55:25 -0500


Started GET "/assets/data/articles.json" for 127.0.0.1 at 2015-12-26 14:55:25 -0500


Started GET "/" for 127.0.0.1 at 2015-12-26 14:58:00 -0500
Processing by StaticPagesController#root as HTML
  Rendered static_pages/root.html.erb within layouts/application (1.4ms)
Completed 200 OK in 784ms (Views: 769.2ms | ActiveRecord: 0.0ms)


Started GET "/assets/articles.self-718213082b15cd6db24552eb7bdeb4570c093b93646b1ac959d00fcec446a2c8.css?body=1" for 127.0.0.1 at 2015-12-26 14:58:01 -0500


Started GET "/assets/application.self-e80e8f2318043e8af94dddc2adad5a4f09739a8ebb323b3ab31cd71d45fd9113.css?body=1" for 127.0.0.1 at 2015-12-26 14:58:01 -0500


Started GET "/assets/jquery.self-a714331225dda820228db323939889f149aec0127aeb06255646b616ba1ca419.js?body=1" for 127.0.0.1 at 2015-12-26 14:58:01 -0500


Started GET "/assets/static_pages.self-e3b0c44298fc1c149afbf4c8996fb92427ae41e4649b934ca495991b7852b855.css?body=1" for 127.0.0.1 at 2015-12-26 14:58:01 -0500


Started GET "/assets/jquery_ujs.self-d456baa54c1fa6be2ec3711f0a72ddf7a5b2f34a6b4f515f33767d6207b7d4b3.js?body=1" for 127.0.0.1 at 2015-12-26 14:58:01 -0500


Started GET "/assets/turbolinks.self-c37727e9bd6b2735da5c311aa83fead54ed0be6cc8bd9a65309e9c5abe2cbfff.js?body=1" for 127.0.0.1 at 2015-12-26 14:58:01 -0500


Started GET "/assets/development/react.self-93bc62cb6c7b74ee7e5a2fcf623f3abbd365440bf90eba740c625f159078aa82.js?body=1" for 127.0.0.1 at 2015-12-26 14:58:01 -0500


Started GET "/assets/components.self-e3b0c44298fc1c149afbf4c8996fb92427ae41e4649b934ca495991b7852b855.js?body=1" for 127.0.0.1 at 2015-12-26 14:58:01 -0500


Started GET "/assets/components/articles.self-1e5f1ff3a4dd7c84147c7b04f74c1853e48b392ec50869df48e62eeafe9a349a.js?body=1" for 127.0.0.1 at 2015-12-26 14:58:01 -0500


Started GET "/assets/react_ujs.self-c42e5ee44bcda6910afca6fb40f99d9963074b3aefe72365ce90c24312e73b2b.js?body=1" for 127.0.0.1 at 2015-12-26 14:58:01 -0500


Started GET "/assets/actions/api_actions.self-f25b74135cfa5b2cf04d471aaf83b1dd5c08ede95281929046214c062faa769d.js?body=1" for 127.0.0.1 at 2015-12-26 14:58:01 -0500


Started GET "/assets/components/article_line.self-6d1778e11f25cc45875298548bae80cf0d39b550aaf25401b87b7325474dcec5.js?body=1" for 127.0.0.1 at 2015-12-26 14:58:01 -0500


Started GET "/assets/components/header.self-832810ba5932ea8c1977fdf202d0c9d15c04c4687e5d415047f9812b9ee1c12d.js?body=1" for 127.0.0.1 at 2015-12-26 14:58:01 -0500


Started GET "/assets/articleapp.self-55fd94261daa72b56bdfe326783b8bf1bfcd1e819030dc57f67c4a15070a6383.js?body=1" for 127.0.0.1 at 2015-12-26 14:58:01 -0500


Started GET "/assets/static_pages.self-877aef30ae1b040ab8a3aba4e3e309a11d7f2612f44dde450b5c157aa5f95c05.js?body=1" for 127.0.0.1 at 2015-12-26 14:58:01 -0500


Started GET "/assets/dispatcher/dispatcher.self-df4b2118c83e53bfcd046d9391e85547aa2f41e5a424adaa5c8d907b9675777f.js?body=1" for 127.0.0.1 at 2015-12-26 14:58:02 -0500


Started GET "/assets/stores/articles.self-e82566f6712dce6f080676da4a4b8b1cf2d3bc07b6766412d728c55a784a91ed.js?body=1" for 127.0.0.1 at 2015-12-26 14:58:02 -0500


Started GET "/assets/util/api_util.self-53ec512c1e67d7e99992d647452eaa450f3ca73c1eff9f7d6d5832d50adf601b.js?body=1" for 127.0.0.1 at 2015-12-26 14:58:02 -0500


Started GET "/assets/application.self-44dc72337fbefc4f8c73fc8781b922cf9e4f99f8d068e6563c3820851d9390f6.js?body=1" for 127.0.0.1 at 2015-12-26 14:58:02 -0500


Started GET "/assets/data/articles.json" for 127.0.0.1 at 2015-12-26 14:58:02 -0500


Started GET "/" for 127.0.0.1 at 2015-12-26 15:03:23 -0500
Processing by StaticPagesController#root as HTML
  Rendered static_pages/root.html.erb within layouts/application (0.1ms)
Completed 200 OK in 322ms (Views: 321.1ms | ActiveRecord: 0.0ms)


Started GET "/assets/articles.self-718213082b15cd6db24552eb7bdeb4570c093b93646b1ac959d00fcec446a2c8.css?body=1" for 127.0.0.1 at 2015-12-26 15:03:23 -0500


Started GET "/assets/static_pages.self-e3b0c44298fc1c149afbf4c8996fb92427ae41e4649b934ca495991b7852b855.css?body=1" for 127.0.0.1 at 2015-12-26 15:03:23 -0500


Started GET "/assets/application.self-e80e8f2318043e8af94dddc2adad5a4f09739a8ebb323b3ab31cd71d45fd9113.css?body=1" for 127.0.0.1 at 2015-12-26 15:03:23 -0500


Started GET "/assets/development/react.self-93bc62cb6c7b74ee7e5a2fcf623f3abbd365440bf90eba740c625f159078aa82.js?body=1" for 127.0.0.1 at 2015-12-26 15:03:23 -0500


Started GET "/assets/jquery.self-a714331225dda820228db323939889f149aec0127aeb06255646b616ba1ca419.js?body=1" for 127.0.0.1 at 2015-12-26 15:03:23 -0500


Started GET "/assets/jquery_ujs.self-d456baa54c1fa6be2ec3711f0a72ddf7a5b2f34a6b4f515f33767d6207b7d4b3.js?body=1" for 127.0.0.1 at 2015-12-26 15:03:23 -0500


Started GET "/assets/turbolinks.self-c37727e9bd6b2735da5c311aa83fead54ed0be6cc8bd9a65309e9c5abe2cbfff.js?body=1" for 127.0.0.1 at 2015-12-26 15:03:23 -0500


Started GET "/assets/react_ujs.self-c42e5ee44bcda6910afca6fb40f99d9963074b3aefe72365ce90c24312e73b2b.js?body=1" for 127.0.0.1 at 2015-12-26 15:03:23 -0500


Started GET "/assets/components/article_line.self-6d1778e11f25cc45875298548bae80cf0d39b550aaf25401b87b7325474dcec5.js?body=1" for 127.0.0.1 at 2015-12-26 15:03:23 -0500


Started GET "/assets/components/articles.self-1e5f1ff3a4dd7c84147c7b04f74c1853e48b392ec50869df48e62eeafe9a349a.js?body=1" for 127.0.0.1 at 2015-12-26 15:03:23 -0500


Started GET "/assets/components.self-e3b0c44298fc1c149afbf4c8996fb92427ae41e4649b934ca495991b7852b855.js?body=1" for 127.0.0.1 at 2015-12-26 15:03:23 -0500


Started GET "/assets/flux.self-c2206dc953bbad23c0ee331879560545a4ec58709c89fe78db57a156ec19c08f.js?body=1" for 127.0.0.1 at 2015-12-26 15:03:23 -0500


Started GET "/assets/components/header.self-832810ba5932ea8c1977fdf202d0c9d15c04c4687e5d415047f9812b9ee1c12d.js?body=1" for 127.0.0.1 at 2015-12-26 15:03:23 -0500


Started GET "/assets/application.self-a1a74291c4c48f2f663a025ffa678498d6448b849a2d74c0ca25e39ee192c0a7.js?body=1" for 127.0.0.1 at 2015-12-26 15:03:23 -0500


Started GET "/assets/eventemitter.self-b7e538902dfb3dce50e80598efaa7b435781b7bc8fe936a7aca64a6f2699d411.js?body=1" for 127.0.0.1 at 2015-12-26 15:03:23 -0500


Started GET "/assets/actions/api_actions.self-f25b74135cfa5b2cf04d471aaf83b1dd5c08ede95281929046214c062faa769d.js?body=1" for 127.0.0.1 at 2015-12-26 15:03:23 -0500


Started GET "/assets/dispatcher/dispatcher.self-df4b2118c83e53bfcd046d9391e85547aa2f41e5a424adaa5c8d907b9675777f.js?body=1" for 127.0.0.1 at 2015-12-26 15:03:23 -0500


Started GET "/assets/articleapp.self-55fd94261daa72b56bdfe326783b8bf1bfcd1e819030dc57f67c4a15070a6383.js?body=1" for 127.0.0.1 at 2015-12-26 15:03:24 -0500


Started GET "/assets/static_pages.self-877aef30ae1b040ab8a3aba4e3e309a11d7f2612f44dde450b5c157aa5f95c05.js?body=1" for 127.0.0.1 at 2015-12-26 15:03:24 -0500


Started GET "/assets/stores/articles.self-e82566f6712dce6f080676da4a4b8b1cf2d3bc07b6766412d728c55a784a91ed.js?body=1" for 127.0.0.1 at 2015-12-26 15:03:24 -0500


Started GET "/assets/util/api_util.self-53ec512c1e67d7e99992d647452eaa450f3ca73c1eff9f7d6d5832d50adf601b.js?body=1" for 127.0.0.1 at 2015-12-26 15:03:24 -0500


Started GET "/assets/data/articles.json" for 127.0.0.1 at 2015-12-26 15:03:24 -0500


Started GET "/" for 127.0.0.1 at 2015-12-26 15:05:26 -0500
Processing by StaticPagesController#root as HTML
  Rendered static_pages/root.html.erb within layouts/application (1.8ms)
Completed 200 OK in 786ms (Views: 771.7ms | ActiveRecord: 0.0ms)


Started GET "/assets/articles.self-718213082b15cd6db24552eb7bdeb4570c093b93646b1ac959d00fcec446a2c8.css?body=1" for 127.0.0.1 at 2015-12-26 15:05:27 -0500


Started GET "/assets/application.self-e80e8f2318043e8af94dddc2adad5a4f09739a8ebb323b3ab31cd71d45fd9113.css?body=1" for 127.0.0.1 at 2015-12-26 15:05:27 -0500


Started GET "/assets/jquery.self-a714331225dda820228db323939889f149aec0127aeb06255646b616ba1ca419.js?body=1" for 127.0.0.1 at 2015-12-26 15:05:27 -0500


Started GET "/assets/turbolinks.self-c37727e9bd6b2735da5c311aa83fead54ed0be6cc8bd9a65309e9c5abe2cbfff.js?body=1" for 127.0.0.1 at 2015-12-26 15:05:27 -0500


Started GET "/assets/development/react.self-93bc62cb6c7b74ee7e5a2fcf623f3abbd365440bf90eba740c625f159078aa82.js?body=1" for 127.0.0.1 at 2015-12-26 15:05:27 -0500


Started GET "/assets/jquery_ujs.self-d456baa54c1fa6be2ec3711f0a72ddf7a5b2f34a6b4f515f33767d6207b7d4b3.js?body=1" for 127.0.0.1 at 2015-12-26 15:05:27 -0500


Started GET "/assets/static_pages.self-e3b0c44298fc1c149afbf4c8996fb92427ae41e4649b934ca495991b7852b855.css?body=1" for 127.0.0.1 at 2015-12-26 15:05:27 -0500


Started GET "/assets/react_ujs.self-c42e5ee44bcda6910afca6fb40f99d9963074b3aefe72365ce90c24312e73b2b.js?body=1" for 127.0.0.1 at 2015-12-26 15:05:27 -0500


Started GET "/assets/components/article_line.self-6d1778e11f25cc45875298548bae80cf0d39b550aaf25401b87b7325474dcec5.js?body=1" for 127.0.0.1 at 2015-12-26 15:05:27 -0500


Started GET "/assets/components/header.self-832810ba5932ea8c1977fdf202d0c9d15c04c4687e5d415047f9812b9ee1c12d.js?body=1" for 127.0.0.1 at 2015-12-26 15:05:27 -0500


Started GET "/assets/components.self-e3b0c44298fc1c149afbf4c8996fb92427ae41e4649b934ca495991b7852b855.js?body=1" for 127.0.0.1 at 2015-12-26 15:05:27 -0500


Started GET "/assets/components/articles.self-1e5f1ff3a4dd7c84147c7b04f74c1853e48b392ec50869df48e62eeafe9a349a.js?body=1" for 127.0.0.1 at 2015-12-26 15:05:27 -0500


Started GET "/assets/flux.self-c2206dc953bbad23c0ee331879560545a4ec58709c89fe78db57a156ec19c08f.js?body=1" for 127.0.0.1 at 2015-12-26 15:05:27 -0500


Started GET "/assets/eventemitter.self-b7e538902dfb3dce50e80598efaa7b435781b7bc8fe936a7aca64a6f2699d411.js?body=1" for 127.0.0.1 at 2015-12-26 15:05:27 -0500


Started GET "/assets/articleapp.self-55fd94261daa72b56bdfe326783b8bf1bfcd1e819030dc57f67c4a15070a6383.js?body=1" for 127.0.0.1 at 2015-12-26 15:05:27 -0500


Started GET "/assets/static_pages.self-877aef30ae1b040ab8a3aba4e3e309a11d7f2612f44dde450b5c157aa5f95c05.js?body=1" for 127.0.0.1 at 2015-12-26 15:05:27 -0500


Started GET "/assets/actions/api_actions.self-f25b74135cfa5b2cf04d471aaf83b1dd5c08ede95281929046214c062faa769d.js?body=1" for 127.0.0.1 at 2015-12-26 15:05:27 -0500


Started GET "/assets/stores/articles.self-e82566f6712dce6f080676da4a4b8b1cf2d3bc07b6766412d728c55a784a91ed.js?body=1" for 127.0.0.1 at 2015-12-26 15:05:27 -0500


Started GET "/assets/dispatcher/dispatcher.self-df4b2118c83e53bfcd046d9391e85547aa2f41e5a424adaa5c8d907b9675777f.js?body=1" for 127.0.0.1 at 2015-12-26 15:05:27 -0500


Started GET "/assets/util/api_util.self-53ec512c1e67d7e99992d647452eaa450f3ca73c1eff9f7d6d5832d50adf601b.js?body=1" for 127.0.0.1 at 2015-12-26 15:05:27 -0500


Started GET "/assets/application.self-a1a74291c4c48f2f663a025ffa678498d6448b849a2d74c0ca25e39ee192c0a7.js?body=1" for 127.0.0.1 at 2015-12-26 15:05:27 -0500


Started GET "/assets/data/articles.json" for 127.0.0.1 at 2015-12-26 15:05:27 -0500


Started GET "/" for 127.0.0.1 at 2015-12-26 15:11:05 -0500
Processing by StaticPagesController#root as HTML
  Rendered static_pages/root.html.erb within layouts/application (1.8ms)
Completed 200 OK in 619ms (Views: 604.3ms | ActiveRecord: 0.0ms)


Started GET "/assets/static_pages.self-e3b0c44298fc1c149afbf4c8996fb92427ae41e4649b934ca495991b7852b855.css?body=1" for 127.0.0.1 at 2015-12-26 15:11:07 -0500


Started GET "/assets/articles.self-718213082b15cd6db24552eb7bdeb4570c093b93646b1ac959d00fcec446a2c8.css?body=1" for 127.0.0.1 at 2015-12-26 15:11:07 -0500


Started GET "/assets/jquery.self-a714331225dda820228db323939889f149aec0127aeb06255646b616ba1ca419.js?body=1" for 127.0.0.1 at 2015-12-26 15:11:07 -0500


Started GET "/assets/application.self-e80e8f2318043e8af94dddc2adad5a4f09739a8ebb323b3ab31cd71d45fd9113.css?body=1" for 127.0.0.1 at 2015-12-26 15:11:07 -0500


Started GET "/assets/jquery_ujs.self-d456baa54c1fa6be2ec3711f0a72ddf7a5b2f34a6b4f515f33767d6207b7d4b3.js?body=1" for 127.0.0.1 at 2015-12-26 15:11:07 -0500


Started GET "/assets/turbolinks.self-c37727e9bd6b2735da5c311aa83fead54ed0be6cc8bd9a65309e9c5abe2cbfff.js?body=1" for 127.0.0.1 at 2015-12-26 15:11:07 -0500


Started GET "/assets/development/react.self-93bc62cb6c7b74ee7e5a2fcf623f3abbd365440bf90eba740c625f159078aa82.js?body=1" for 127.0.0.1 at 2015-12-26 15:11:07 -0500


Started GET "/assets/react_ujs.self-c42e5ee44bcda6910afca6fb40f99d9963074b3aefe72365ce90c24312e73b2b.js?body=1" for 127.0.0.1 at 2015-12-26 15:11:07 -0500


Started GET "/assets/components/article_line.self-6d1778e11f25cc45875298548bae80cf0d39b550aaf25401b87b7325474dcec5.js?body=1" for 127.0.0.1 at 2015-12-26 15:11:07 -0500


Started GET "/assets/components/articles.self-1e5f1ff3a4dd7c84147c7b04f74c1853e48b392ec50869df48e62eeafe9a349a.js?body=1" for 127.0.0.1 at 2015-12-26 15:11:07 -0500


Started GET "/assets/components/header.self-832810ba5932ea8c1977fdf202d0c9d15c04c4687e5d415047f9812b9ee1c12d.js?body=1" for 127.0.0.1 at 2015-12-26 15:11:07 -0500


Started GET "/assets/components.self-e3b0c44298fc1c149afbf4c8996fb92427ae41e4649b934ca495991b7852b855.js?body=1" for 127.0.0.1 at 2015-12-26 15:11:07 -0500


Started GET "/assets/flux.self-c2206dc953bbad23c0ee331879560545a4ec58709c89fe78db57a156ec19c08f.js?body=1" for 127.0.0.1 at 2015-12-26 15:11:07 -0500


Started GET "/assets/eventemitter.self-b7e538902dfb3dce50e80598efaa7b435781b7bc8fe936a7aca64a6f2699d411.js?body=1" for 127.0.0.1 at 2015-12-26 15:11:07 -0500


Started GET "/assets/articleapp.self-55fd94261daa72b56bdfe326783b8bf1bfcd1e819030dc57f67c4a15070a6383.js?body=1" for 127.0.0.1 at 2015-12-26 15:11:07 -0500


Started GET "/assets/actions/api_actions.self-f25b74135cfa5b2cf04d471aaf83b1dd5c08ede95281929046214c062faa769d.js?body=1" for 127.0.0.1 at 2015-12-26 15:11:07 -0500


Started GET "/assets/static_pages.self-877aef30ae1b040ab8a3aba4e3e309a11d7f2612f44dde450b5c157aa5f95c05.js?body=1" for 127.0.0.1 at 2015-12-26 15:11:07 -0500


Started GET "/assets/dispatcher/dispatcher.self-df4b2118c83e53bfcd046d9391e85547aa2f41e5a424adaa5c8d907b9675777f.js?body=1" for 127.0.0.1 at 2015-12-26 15:11:07 -0500


Started GET "/assets/stores/articles.self-e82566f6712dce6f080676da4a4b8b1cf2d3bc07b6766412d728c55a784a91ed.js?body=1" for 127.0.0.1 at 2015-12-26 15:11:07 -0500


Started GET "/assets/util/api_util.self-53ec512c1e67d7e99992d647452eaa450f3ca73c1eff9f7d6d5832d50adf601b.js?body=1" for 127.0.0.1 at 2015-12-26 15:11:07 -0500


Started GET "/assets/application.self-a1a74291c4c48f2f663a025ffa678498d6448b849a2d74c0ca25e39ee192c0a7.js?body=1" for 127.0.0.1 at 2015-12-26 15:11:07 -0500


Started GET "/assets/data/articles.json" for 127.0.0.1 at 2015-12-26 15:11:07 -0500


Started GET "/" for 127.0.0.1 at 2015-12-26 15:16:08 -0500
Processing by StaticPagesController#root as HTML
  Rendered static_pages/root.html.erb within layouts/application (0.1ms)
Completed 200 OK in 1867ms (Views: 1866.0ms | ActiveRecord: 0.0ms)


Started GET "/assets/articles.self-718213082b15cd6db24552eb7bdeb4570c093b93646b1ac959d00fcec446a2c8.css?body=1" for 127.0.0.1 at 2015-12-26 15:16:10 -0500


Started GET "/assets/application.self-e80e8f2318043e8af94dddc2adad5a4f09739a8ebb323b3ab31cd71d45fd9113.css?body=1" for 127.0.0.1 at 2015-12-26 15:16:10 -0500


Started GET "/assets/jquery_ujs.self-d456baa54c1fa6be2ec3711f0a72ddf7a5b2f34a6b4f515f33767d6207b7d4b3.js?body=1" for 127.0.0.1 at 2015-12-26 15:16:10 -0500


Started GET "/assets/jquery.self-a714331225dda820228db323939889f149aec0127aeb06255646b616ba1ca419.js?body=1" for 127.0.0.1 at 2015-12-26 15:16:10 -0500


Started GET "/assets/static_pages.self-e3b0c44298fc1c149afbf4c8996fb92427ae41e4649b934ca495991b7852b855.css?body=1" for 127.0.0.1 at 2015-12-26 15:16:10 -0500


Started GET "/assets/components/articles.self-25799ff382b469cb72849f2c66ad2706f74e76d24bfd1b56bf15acb6d502dd2c.js?body=1" for 127.0.0.1 at 2015-12-26 15:16:10 -0500


Started GET "/assets/turbolinks.self-c37727e9bd6b2735da5c311aa83fead54ed0be6cc8bd9a65309e9c5abe2cbfff.js?body=1" for 127.0.0.1 at 2015-12-26 15:16:10 -0500


Started GET "/assets/react_ujs.self-c42e5ee44bcda6910afca6fb40f99d9963074b3aefe72365ce90c24312e73b2b.js?body=1" for 127.0.0.1 at 2015-12-26 15:16:10 -0500


Started GET "/assets/components/article_line.self-6d1778e11f25cc45875298548bae80cf0d39b550aaf25401b87b7325474dcec5.js?body=1" for 127.0.0.1 at 2015-12-26 15:16:10 -0500


Started GET "/assets/components/header.self-832810ba5932ea8c1977fdf202d0c9d15c04c4687e5d415047f9812b9ee1c12d.js?body=1" for 127.0.0.1 at 2015-12-26 15:16:10 -0500


Started GET "/assets/flux.self-c2206dc953bbad23c0ee331879560545a4ec58709c89fe78db57a156ec19c08f.js?body=1" for 127.0.0.1 at 2015-12-26 15:16:10 -0500


Started GET "/assets/components.self-e3b0c44298fc1c149afbf4c8996fb92427ae41e4649b934ca495991b7852b855.js?body=1" for 127.0.0.1 at 2015-12-26 15:16:10 -0500


Started GET "/assets/development/react.self-93bc62cb6c7b74ee7e5a2fcf623f3abbd365440bf90eba740c625f159078aa82.js?body=1" for 127.0.0.1 at 2015-12-26 15:16:10 -0500


Started GET "/assets/actions/api_actions.self-f25b74135cfa5b2cf04d471aaf83b1dd5c08ede95281929046214c062faa769d.js?body=1" for 127.0.0.1 at 2015-12-26 15:16:10 -0500


Started GET "/assets/articleapp.self-55fd94261daa72b56bdfe326783b8bf1bfcd1e819030dc57f67c4a15070a6383.js?body=1" for 127.0.0.1 at 2015-12-26 15:16:10 -0500


Started GET "/assets/eventemitter.self-b7e538902dfb3dce50e80598efaa7b435781b7bc8fe936a7aca64a6f2699d411.js?body=1" for 127.0.0.1 at 2015-12-26 15:16:10 -0500


Started GET "/assets/dispatcher/dispatcher.self-df4b2118c83e53bfcd046d9391e85547aa2f41e5a424adaa5c8d907b9675777f.js?body=1" for 127.0.0.1 at 2015-12-26 15:16:10 -0500


Started GET "/assets/static_pages.self-877aef30ae1b040ab8a3aba4e3e309a11d7f2612f44dde450b5c157aa5f95c05.js?body=1" for 127.0.0.1 at 2015-12-26 15:16:10 -0500


Started GET "/assets/stores/articles.self-e82566f6712dce6f080676da4a4b8b1cf2d3bc07b6766412d728c55a784a91ed.js?body=1" for 127.0.0.1 at 2015-12-26 15:16:10 -0500


Started GET "/assets/util/api_util.self-218a381fd2cdb05307c844088b4baffb3ceb8a5088e74e61929352513fd14b66.js?body=1" for 127.0.0.1 at 2015-12-26 15:16:10 -0500


Started GET "/assets/application.self-a1a74291c4c48f2f663a025ffa678498d6448b849a2d74c0ca25e39ee192c0a7.js?body=1" for 127.0.0.1 at 2015-12-26 15:16:10 -0500


Started GET "/" for 127.0.0.1 at 2015-12-26 15:16:48 -0500
Processing by StaticPagesController#root as HTML
  Rendered static_pages/root.html.erb within layouts/application (0.2ms)
Completed 200 OK in 1097ms (Views: 1095.7ms | ActiveRecord: 0.0ms)


Started GET "/assets/articles.self-718213082b15cd6db24552eb7bdeb4570c093b93646b1ac959d00fcec446a2c8.css?body=1" for 127.0.0.1 at 2015-12-26 15:16:49 -0500


Started GET "/assets/static_pages.self-e3b0c44298fc1c149afbf4c8996fb92427ae41e4649b934ca495991b7852b855.css?body=1" for 127.0.0.1 at 2015-12-26 15:16:49 -0500


Started GET "/assets/turbolinks.self-c37727e9bd6b2735da5c311aa83fead54ed0be6cc8bd9a65309e9c5abe2cbfff.js?body=1" for 127.0.0.1 at 2015-12-26 15:16:49 -0500


Started GET "/assets/jquery_ujs.self-d456baa54c1fa6be2ec3711f0a72ddf7a5b2f34a6b4f515f33767d6207b7d4b3.js?body=1" for 127.0.0.1 at 2015-12-26 15:16:49 -0500


Started GET "/assets/jquery.self-a714331225dda820228db323939889f149aec0127aeb06255646b616ba1ca419.js?body=1" for 127.0.0.1 at 2015-12-26 15:16:49 -0500


Started GET "/assets/application.self-e80e8f2318043e8af94dddc2adad5a4f09739a8ebb323b3ab31cd71d45fd9113.css?body=1" for 127.0.0.1 at 2015-12-26 15:16:50 -0500


Started GET "/assets/development/react.self-93bc62cb6c7b74ee7e5a2fcf623f3abbd365440bf90eba740c625f159078aa82.js?body=1" for 127.0.0.1 at 2015-12-26 15:16:50 -0500


Started GET "/assets/react_ujs.self-c42e5ee44bcda6910afca6fb40f99d9963074b3aefe72365ce90c24312e73b2b.js?body=1" for 127.0.0.1 at 2015-12-26 15:16:50 -0500


Started GET "/assets/components/article_line.self-6d1778e11f25cc45875298548bae80cf0d39b550aaf25401b87b7325474dcec5.js?body=1" for 127.0.0.1 at 2015-12-26 15:16:50 -0500


Started GET "/assets/components/articles.self-7b65723b4e8db1ad5959e389778cba51adf809f4ff46dc3c57d10944a4f6a26b.js?body=1" for 127.0.0.1 at 2015-12-26 15:16:50 -0500


Started GET "/assets/components/header.self-832810ba5932ea8c1977fdf202d0c9d15c04c4687e5d415047f9812b9ee1c12d.js?body=1" for 127.0.0.1 at 2015-12-26 15:16:50 -0500


Started GET "/assets/components.self-e3b0c44298fc1c149afbf4c8996fb92427ae41e4649b934ca495991b7852b855.js?body=1" for 127.0.0.1 at 2015-12-26 15:16:50 -0500


Started GET "/assets/flux.self-c2206dc953bbad23c0ee331879560545a4ec58709c89fe78db57a156ec19c08f.js?body=1" for 127.0.0.1 at 2015-12-26 15:16:50 -0500


Started GET "/assets/eventemitter.self-b7e538902dfb3dce50e80598efaa7b435781b7bc8fe936a7aca64a6f2699d411.js?body=1" for 127.0.0.1 at 2015-12-26 15:16:50 -0500


Started GET "/assets/actions/api_actions.self-f25b74135cfa5b2cf04d471aaf83b1dd5c08ede95281929046214c062faa769d.js?body=1" for 127.0.0.1 at 2015-12-26 15:16:50 -0500


Started GET "/assets/articleapp.self-55fd94261daa72b56bdfe326783b8bf1bfcd1e819030dc57f67c4a15070a6383.js?body=1" for 127.0.0.1 at 2015-12-26 15:16:50 -0500


Started GET "/assets/stores/articles.self-e82566f6712dce6f080676da4a4b8b1cf2d3bc07b6766412d728c55a784a91ed.js?body=1" for 127.0.0.1 at 2015-12-26 15:16:50 -0500


Started GET "/assets/static_pages.self-877aef30ae1b040ab8a3aba4e3e309a11d7f2612f44dde450b5c157aa5f95c05.js?body=1" for 127.0.0.1 at 2015-12-26 15:16:50 -0500


Started GET "/assets/util/api_util.self-218a381fd2cdb05307c844088b4baffb3ceb8a5088e74e61929352513fd14b66.js?body=1" for 127.0.0.1 at 2015-12-26 15:16:50 -0500


Started GET "/assets/application.self-a1a74291c4c48f2f663a025ffa678498d6448b849a2d74c0ca25e39ee192c0a7.js?body=1" for 127.0.0.1 at 2015-12-26 15:16:50 -0500


Started GET "/assets/dispatcher/dispatcher.self-df4b2118c83e53bfcd046d9391e85547aa2f41e5a424adaa5c8d907b9675777f.js?body=1" for 127.0.0.1 at 2015-12-26 15:16:50 -0500


Started GET "/assets/data/articles.json" for 127.0.0.1 at 2015-12-26 15:16:50 -0500


Started GET "/" for 127.0.0.1 at 2015-12-26 15:17:56 -0500
Processing by StaticPagesController#root as HTML
  Rendered static_pages/root.html.erb within layouts/application (0.1ms)
Completed 200 OK in 1185ms (Views: 1184.0ms | ActiveRecord: 0.0ms)


Started GET "/assets/articles.self-718213082b15cd6db24552eb7bdeb4570c093b93646b1ac959d00fcec446a2c8.css?body=1" for 127.0.0.1 at 2015-12-26 15:17:57 -0500


Started GET "/assets/static_pages.self-e3b0c44298fc1c149afbf4c8996fb92427ae41e4649b934ca495991b7852b855.css?body=1" for 127.0.0.1 at 2015-12-26 15:17:57 -0500


Started GET "/assets/jquery_ujs.self-d456baa54c1fa6be2ec3711f0a72ddf7a5b2f34a6b4f515f33767d6207b7d4b3.js?body=1" for 127.0.0.1 at 2015-12-26 15:17:58 -0500


Started GET "/assets/jquery.self-a714331225dda820228db323939889f149aec0127aeb06255646b616ba1ca419.js?body=1" for 127.0.0.1 at 2015-12-26 15:17:58 -0500


Started GET "/assets/application.self-e80e8f2318043e8af94dddc2adad5a4f09739a8ebb323b3ab31cd71d45fd9113.css?body=1" for 127.0.0.1 at 2015-12-26 15:17:58 -0500


Started GET "/assets/components/articles.self-1066977a1ffca2bc90fb674fb6051589334cf054c0d252331efbacd2fbcfff87.js?body=1" for 127.0.0.1 at 2015-12-26 15:17:58 -0500


Started GET "/assets/turbolinks.self-c37727e9bd6b2735da5c311aa83fead54ed0be6cc8bd9a65309e9c5abe2cbfff.js?body=1" for 127.0.0.1 at 2015-12-26 15:17:58 -0500


Started GET "/assets/development/react.self-93bc62cb6c7b74ee7e5a2fcf623f3abbd365440bf90eba740c625f159078aa82.js?body=1" for 127.0.0.1 at 2015-12-26 15:17:58 -0500


Started GET "/assets/react_ujs.self-c42e5ee44bcda6910afca6fb40f99d9963074b3aefe72365ce90c24312e73b2b.js?body=1" for 127.0.0.1 at 2015-12-26 15:17:58 -0500


Started GET "/assets/components/article_line.self-6d1778e11f25cc45875298548bae80cf0d39b550aaf25401b87b7325474dcec5.js?body=1" for 127.0.0.1 at 2015-12-26 15:17:58 -0500


Started GET "/assets/components/header.self-832810ba5932ea8c1977fdf202d0c9d15c04c4687e5d415047f9812b9ee1c12d.js?body=1" for 127.0.0.1 at 2015-12-26 15:17:58 -0500


Started GET "/assets/components.self-e3b0c44298fc1c149afbf4c8996fb92427ae41e4649b934ca495991b7852b855.js?body=1" for 127.0.0.1 at 2015-12-26 15:17:58 -0500


Started GET "/assets/eventemitter.self-b7e538902dfb3dce50e80598efaa7b435781b7bc8fe936a7aca64a6f2699d411.js?body=1" for 127.0.0.1 at 2015-12-26 15:17:58 -0500


Started GET "/assets/flux.self-c2206dc953bbad23c0ee331879560545a4ec58709c89fe78db57a156ec19c08f.js?body=1" for 127.0.0.1 at 2015-12-26 15:17:58 -0500


Started GET "/assets/actions/api_actions.self-f25b74135cfa5b2cf04d471aaf83b1dd5c08ede95281929046214c062faa769d.js?body=1" for 127.0.0.1 at 2015-12-26 15:17:58 -0500


Started GET "/assets/dispatcher/dispatcher.self-df4b2118c83e53bfcd046d9391e85547aa2f41e5a424adaa5c8d907b9675777f.js?body=1" for 127.0.0.1 at 2015-12-26 15:17:58 -0500


Started GET "/assets/articleapp.self-55fd94261daa72b56bdfe326783b8bf1bfcd1e819030dc57f67c4a15070a6383.js?body=1" for 127.0.0.1 at 2015-12-26 15:17:58 -0500


Started GET "/assets/static_pages.self-877aef30ae1b040ab8a3aba4e3e309a11d7f2612f44dde450b5c157aa5f95c05.js?body=1" for 127.0.0.1 at 2015-12-26 15:17:58 -0500


Started GET "/assets/stores/articles.self-e82566f6712dce6f080676da4a4b8b1cf2d3bc07b6766412d728c55a784a91ed.js?body=1" for 127.0.0.1 at 2015-12-26 15:17:58 -0500


Started GET "/assets/application.self-a1a74291c4c48f2f663a025ffa678498d6448b849a2d74c0ca25e39ee192c0a7.js?body=1" for 127.0.0.1 at 2015-12-26 15:17:58 -0500


Started GET "/assets/util/api_util.self-218a381fd2cdb05307c844088b4baffb3ceb8a5088e74e61929352513fd14b66.js?body=1" for 127.0.0.1 at 2015-12-26 15:17:58 -0500


Started GET "/assets/data/articles.json" for 127.0.0.1 at 2015-12-26 15:17:58 -0500
